[0.205s] Invoking command in '/home/koara/robosys2024-02.1/ros2_ws/build/person_msgs': CMAKE_PREFIX_PATH=${CMAKE_PREFIX_PATH}:/home/koara/robosys2024-4/ros2_ws/install/mypkg:/opt/ros/foxy /usr/bin/cmake /home/koara/robosys2024-02.1/ros2_ws/src/person_msgs -DCMAKE_INSTALL_PREFIX=/home/koara/robosys2024-02.1/ros2_ws/install/person_msgs
[0.697s] -- The C compiler identification is GNU 9.4.0
[1.029s] -- The CXX compiler identification is GNU 9.4.0
[1.099s] -- Check for working C compiler: /usr/bin/cc
[1.225s] -- Check for working C compiler: /usr/bin/cc -- works
[1.228s] -- Detecting C compiler ABI info
[1.337s] -- Detecting C compiler ABI info - done
[1.347s] -- Detecting C compile features
[1.348s] -- Detecting C compile features - done
[1.351s] -- Check for working CXX compiler: /usr/bin/c++
[1.466s] -- Check for working CXX compiler: /usr/bin/c++ -- works
[1.466s] -- Detecting CXX compiler ABI info
[1.583s] -- Detecting CXX compiler ABI info - done
[1.596s] -- Detecting CXX compile features
[1.596s] -- Detecting CXX compile features - done
[1.613s] -- Found ament_cmake: 0.9.12 (/opt/ros/foxy/share/ament_cmake/cmake)
[1.640s] -- Found PythonInterp: /usr/bin/python3 (found suitable version "3.8.10", minimum required is "3") 
[1.640s] -- Using PYTHON_EXECUTABLE: /usr/bin/python3
[1.840s] -- Found ament_lint_auto: 0.9.8 (/opt/ros/foxy/share/ament_lint_auto/cmake)
[1.843s] -- Found rosidl_default_generators: 1.0.1 (/opt/ros/foxy/share/rosidl_default_generators/cmake)
[1.851s] -- Using all available rosidl_typesupport_c: rosidl_typesupport_fastrtps_c;rosidl_typesupport_introspection_c
[1.863s] -- Found rosidl_adapter: 1.3.1 (/opt/ros/foxy/share/rosidl_adapter/cmake)
[2.646s] -- Found OpenSSL: /usr/lib/x86_64-linux-gnu/libcrypto.so (found version "1.1.1f")  
[3.293s] -- Found FastRTPS: /opt/ros/foxy/include  
[4.428s] -- Using all available rosidl_typesupport_cpp: rosidl_typesupport_fastrtps_cpp;rosidl_typesupport_introspection_cpp
[4.484s] -- Found PythonInterp: /usr/bin/python3 (found version "3.8.10") 
[4.601s] -- Found ament_cmake_ros: 0.9.2 (/opt/ros/foxy/share/ament_cmake_ros/cmake)
[6.817s] -- Using all available rosidl_typesupport_c: rosidl_typesupport_fastrtps_c;rosidl_typesupport_introspection_c
[6.827s] -- Using all available rosidl_typesupport_cpp: rosidl_typesupport_fastrtps_cpp;rosidl_typesupport_introspection_cpp
[6.849s] -- Found PythonInterp: /usr/bin/python3 (found suitable version "3.8.10", minimum required is "3.5") 
[6.852s] -- Found python_cmake_module: 0.8.1 (/opt/ros/foxy/share/python_cmake_module/cmake)
[7.075s] -- Found PythonLibs: /usr/lib/x86_64-linux-gnu/libpython3.8.so (found suitable version "3.8.10", minimum required is "3.5") 
[7.076s] -- Using PYTHON_EXECUTABLE: /usr/bin/python3
[7.076s] -- Using PYTHON_INCLUDE_DIRS: /usr/include/python3.8
[7.076s] -- Using PYTHON_LIBRARIES: /usr/lib/x86_64-linux-gnu/libpython3.8.so
[7.094s] -- Found PythonExtra: .so  
[7.185s] -- Added test 'copyright' to check source files copyright and LICENSE
[7.198s] -- Added test 'cppcheck' to perform static code analysis on C / C++ code
[7.198s] -- Configured cppcheck include dirs: 
[7.198s] -- Configured cppcheck exclude dirs and/or files: 
[7.205s] -- Added test 'cpplint' to check C / C++ code against the Google style
[7.205s] -- Configured cpplint exclude dirs and/or files: 
[7.206s] -- Added test 'flake8' to check Python code syntax and style conventions
[7.209s] -- Added test 'lint_cmake' to check CMake code style
[7.211s] -- Added test 'pep257' to check Python code against some of the style conventions in PEP 257
[7.217s] -- Added test 'uncrustify' to check C / C++ code style
[7.217s] -- Configured uncrustify additional arguments: 
[7.219s] -- Added test 'xmllint' to check XML markup files
[7.231s] -- Configuring done
[7.279s] -- Generating done
[7.282s] -- Build files have been written to: /home/koara/robosys2024-02.1/ros2_ws/build/person_msgs
[7.289s] Invoked command in '/home/koara/robosys2024-02.1/ros2_ws/build/person_msgs' returned '0': CMAKE_PREFIX_PATH=${CMAKE_PREFIX_PATH}:/home/koara/robosys2024-4/ros2_ws/install/mypkg:/opt/ros/foxy /usr/bin/cmake /home/koara/robosys2024-02.1/ros2_ws/src/person_msgs -DCMAKE_INSTALL_PREFIX=/home/koara/robosys2024-02.1/ros2_ws/install/person_msgs
[7.292s] Invoking command in '/home/koara/robosys2024-02.1/ros2_ws/build/person_msgs': CMAKE_PREFIX_PATH=${CMAKE_PREFIX_PATH}:/home/koara/robosys2024-4/ros2_ws/install/mypkg:/opt/ros/foxy /usr/bin/cmake --build /home/koara/robosys2024-02.1/ros2_ws/build/person_msgs -- -j12 -l12
[7.332s] [35m[1mScanning dependencies of target person_msgs__cpp[0m
[7.333s] [  2%] [34m[1mGenerating C code for ROS interfaces[0m
[7.344s] [  5%] [34m[1mGenerating C++ code for ROS interfaces[0m
[7.629s] [35m[1mScanning dependencies of target person_msgs__rosidl_generator_c[0m
[7.634s] [  5%] Built target person_msgs__cpp
[7.646s] [ 12%] [34m[1mGenerating C++ introspection for ROS interfaces[0m
[7.646s] [ 12%] [34m[1mGenerating C++ type support dispatch for ROS interfaces[0m
[7.646s] [ 12%] [32mBuilding C object CMakeFiles/person_msgs__rosidl_generator_c.dir/rosidl_generator_c/person_msgs/srv/detail/query__functions.c.o[0m
[7.646s] [ 15%] [34m[1mGenerating C++ type support for eProsima Fast-RTPS[0m
[7.646s] [ 17%] [32mBuilding C object CMakeFiles/person_msgs__rosidl_generator_c.dir/rosidl_generator_c/person_msgs/msg/detail/person__functions.c.o[0m
[7.738s] [ 20%] [32m[1mLinking C shared library libperson_msgs__rosidl_generator_c.so[0m
[7.817s] [ 20%] Built target person_msgs__rosidl_generator_c
[7.831s] [ 25%] [34m[1mGenerating C introspection for ROS interfaces[0m
[7.831s] [ 25%] [34m[1mGenerating C type support dispatch for ROS interfaces[0m
[7.916s] [35m[1mScanning dependencies of target person_msgs__rosidl_typesupport_introspection_cpp[0m
[7.917s] [35m[1mScanning dependencies of target person_msgs__rosidl_typesupport_cpp[0m
[7.938s] [ 28%] [32mBuilding CXX object CMakeFiles/person_msgs__rosidl_typesupport_cpp.dir/rosidl_typesupport_cpp/person_msgs/msg/person__type_support.cpp.o[0m
[7.938s] [ 30%] [32mBuilding CXX object CMakeFiles/person_msgs__rosidl_typesupport_introspection_cpp.dir/rosidl_typesupport_introspection_cpp/person_msgs/msg/detail/person__type_support.cpp.o[0m
[7.939s] [ 33%] [32mBuilding CXX object CMakeFiles/person_msgs__rosidl_typesupport_cpp.dir/rosidl_typesupport_cpp/person_msgs/srv/query__type_support.cpp.o[0m
[7.939s] [ 35%] [32mBuilding CXX object CMakeFiles/person_msgs__rosidl_typesupport_introspection_cpp.dir/rosidl_typesupport_introspection_cpp/person_msgs/srv/detail/query__type_support.cpp.o[0m
[7.960s] [35m[1mScanning dependencies of target person_msgs__rosidl_typesupport_fastrtps_cpp[0m
[7.996s] [ 38%] [32mBuilding CXX object CMakeFiles/person_msgs__rosidl_typesupport_fastrtps_cpp.dir/rosidl_typesupport_fastrtps_cpp/person_msgs/msg/detail/dds_fastrtps/person__type_support.cpp.o[0m
[7.997s] [ 41%] [32mBuilding CXX object CMakeFiles/person_msgs__rosidl_typesupport_fastrtps_cpp.dir/rosidl_typesupport_fastrtps_cpp/person_msgs/srv/detail/dds_fastrtps/query__type_support.cpp.o[0m
[8.118s] [35m[1mScanning dependencies of target person_msgs__rosidl_typesupport_c[0m
[8.137s] [ 43%] [32mBuilding CXX object CMakeFiles/person_msgs__rosidl_typesupport_c.dir/rosidl_typesupport_c/person_msgs/srv/query__type_support.cpp.o[0m
[8.137s] [ 46%] [32mBuilding CXX object CMakeFiles/person_msgs__rosidl_typesupport_c.dir/rosidl_typesupport_c/person_msgs/msg/person__type_support.cpp.o[0m
[8.169s] [35m[1mScanning dependencies of target person_msgs__rosidl_typesupport_introspection_c[0m
[8.188s] [ 53%] [32mBuilding C object CMakeFiles/person_msgs__rosidl_typesupport_introspection_c.dir/rosidl_typesupport_introspection_c/person_msgs/srv/detail/query__type_support.c.o[0m
[8.188s] [ 53%] [32m[1mLinking CXX shared library libperson_msgs__rosidl_typesupport_c.so[0m
[8.188s] [ 53%] [32mBuilding C object CMakeFiles/person_msgs__rosidl_typesupport_introspection_c.dir/rosidl_typesupport_introspection_c/person_msgs/msg/detail/person__type_support.c.o[0m
[8.239s] [ 56%] [32m[1mLinking C shared library libperson_msgs__rosidl_typesupport_introspection_c.so[0m
[8.299s] [ 56%] Built target person_msgs__rosidl_typesupport_c
[8.330s] [ 56%] Built target person_msgs__rosidl_typesupport_introspection_c
[8.361s] [ 58%] [32m[1mLinking CXX shared library libperson_msgs__rosidl_typesupport_introspection_cpp.so[0m
[8.389s] [ 61%] [32m[1mLinking CXX shared library libperson_msgs__rosidl_typesupport_cpp.so[0m
[8.449s] [ 61%] Built target person_msgs__rosidl_typesupport_introspection_cpp
[8.473s] [ 61%] Built target person_msgs__rosidl_typesupport_cpp
[8.538s] [ 64%] [32m[1mLinking CXX shared library libperson_msgs__rosidl_typesupport_fastrtps_cpp.so[0m
[8.661s] [ 64%] Built target person_msgs__rosidl_typesupport_fastrtps_cpp
[8.672s] [ 66%] [34m[1mGenerating C type support for eProsima Fast-RTPS[0m
[8.903s] [35m[1mScanning dependencies of target person_msgs__rosidl_typesupport_fastrtps_c[0m
[8.921s] [ 69%] [32mBuilding CXX object CMakeFiles/person_msgs__rosidl_typesupport_fastrtps_c.dir/rosidl_typesupport_fastrtps_c/person_msgs/srv/detail/query__type_support_c.cpp.o[0m
[8.921s] [ 71%] [32mBuilding CXX object CMakeFiles/person_msgs__rosidl_typesupport_fastrtps_c.dir/rosidl_typesupport_fastrtps_c/person_msgs/msg/detail/person__type_support_c.cpp.o[0m
[9.270s] [ 74%] [32m[1mLinking CXX shared library libperson_msgs__rosidl_typesupport_fastrtps_c.so[0m
[9.394s] [ 74%] Built target person_msgs__rosidl_typesupport_fastrtps_c
[9.405s] [35m[1mScanning dependencies of target person_msgs[0m
[9.415s] [ 74%] Built target person_msgs
[9.426s] [35m[1mScanning dependencies of target person_msgs__py[0m
[9.437s] [ 76%] [34m[1mGenerating Python code for ROS interfaces[0m
[10.023s] [ 76%] Built target person_msgs__py
[10.033s] [35m[1mScanning dependencies of target person_msgs__python[0m
[10.092s] [ 82%] [32mBuilding C object CMakeFiles/person_msgs__python.dir/rosidl_generator_py/person_msgs/msg/_person_s.c.o[0m
[10.092s] [ 82%] [32mBuilding C object CMakeFiles/person_msgs__python.dir/rosidl_generator_py/person_msgs/srv/_query_s.c.o[0m
[10.202s] [ 84%] [32m[1mLinking C shared library rosidl_generator_py/person_msgs/libperson_msgs__python.so[0m
[10.283s] [ 84%] Built target person_msgs__python
[10.295s] [35m[1mScanning dependencies of target person_msgs__rosidl_typesupport_introspection_c__pyext[0m
[10.295s] [35m[1mScanning dependencies of target person_msgs__rosidl_typesupport_c__pyext[0m
[10.295s] [35m[1mScanning dependencies of target person_msgs__rosidl_typesupport_fastrtps_c__pyext[0m
[10.314s] [ 89%] [32mBuilding C object CMakeFiles/person_msgs__rosidl_typesupport_fastrtps_c__pyext.dir/rosidl_generator_py/person_msgs/_person_msgs_s.ep.rosidl_typesupport_fastrtps_c.c.o[0m
[10.314s] [ 89%] [32mBuilding C object CMakeFiles/person_msgs__rosidl_typesupport_introspection_c__pyext.dir/rosidl_generator_py/person_msgs/_person_msgs_s.ep.rosidl_typesupport_introspection_c.c.o[0m
[10.314s] [ 92%] [32mBuilding C object CMakeFiles/person_msgs__rosidl_typesupport_c__pyext.dir/rosidl_generator_py/person_msgs/_person_msgs_s.ep.rosidl_typesupport_c.c.o[0m
[10.402s] [ 94%] [32m[1mLinking C shared library rosidl_generator_py/person_msgs/person_msgs_s__rosidl_typesupport_c.cpython-38-x86_64-linux-gnu.so[0m
[10.405s] [ 97%] [32m[1mLinking CXX shared library rosidl_generator_py/person_msgs/person_msgs_s__rosidl_typesupport_fastrtps_c.cpython-38-x86_64-linux-gnu.so[0m
[10.407s] [100%] [32m[1mLinking C shared library rosidl_generator_py/person_msgs/person_msgs_s__rosidl_typesupport_introspection_c.cpython-38-x86_64-linux-gnu.so[0m
[10.468s] [100%] Built target person_msgs__rosidl_typesupport_c__pyext
[10.483s] [100%] Built target person_msgs__rosidl_typesupport_introspection_c__pyext
[10.499s] [100%] Built target person_msgs__rosidl_typesupport_fastrtps_c__pyext
[10.513s] Invoked command in '/home/koara/robosys2024-02.1/ros2_ws/build/person_msgs' returned '0': CMAKE_PREFIX_PATH=${CMAKE_PREFIX_PATH}:/home/koara/robosys2024-4/ros2_ws/install/mypkg:/opt/ros/foxy /usr/bin/cmake --build /home/koara/robosys2024-02.1/ros2_ws/build/person_msgs -- -j12 -l12
[10.594s] Invoking command in '/home/koara/robosys2024-02.1/ros2_ws/build/person_msgs': CMAKE_PREFIX_PATH=${CMAKE_PREFIX_PATH}:/home/koara/robosys2024-4/ros2_ws/install/mypkg:/opt/ros/foxy /usr/bin/cmake --install /home/koara/robosys2024-02.1/ros2_ws/build/person_msgs
[10.603s] -- Install configuration: ""
[10.604s] -- Installing: /home/koara/robosys2024-02.1/ros2_ws/install/person_msgs/share/ament_index/resource_index/rosidl_interfaces/person_msgs
[10.605s] -- Installing: /home/koara/robosys2024-02.1/ros2_ws/install/person_msgs/include/person_msgs
[10.605s] -- Installing: /home/koara/robosys2024-02.1/ros2_ws/install/person_msgs/include/person_msgs/srv
[10.605s] -- Installing: /home/koara/robosys2024-02.1/ros2_ws/install/person_msgs/include/person_msgs/srv/detail
[10.606s] -- Installing: /home/koara/robosys2024-02.1/ros2_ws/install/person_msgs/include/person_msgs/srv/detail/query__type_support.h
[10.606s] -- Installing: /home/koara/robosys2024-02.1/ros2_ws/install/person_msgs/include/person_msgs/srv/detail/query__struct.h
[10.606s] -- Installing: /home/koara/robosys2024-02.1/ros2_ws/install/person_msgs/include/person_msgs/srv/detail/query__functions.h
[10.606s] -- Installing: /home/koara/robosys2024-02.1/ros2_ws/install/person_msgs/include/person_msgs/srv/detail/query__functions.c
[10.606s] -- Installing: /home/koara/robosys2024-02.1/ros2_ws/install/person_msgs/include/person_msgs/srv/query.h
[10.606s] -- Installing: /home/koara/robosys2024-02.1/ros2_ws/install/person_msgs/include/person_msgs/msg
[10.607s] -- Installing: /home/koara/robosys2024-02.1/ros2_ws/install/person_msgs/include/person_msgs/msg/rosidl_generator_c__visibility_control.h
[10.607s] -- Installing: /home/koara/robosys2024-02.1/ros2_ws/install/person_msgs/include/person_msgs/msg/person.h
[10.607s] -- Installing: /home/koara/robosys2024-02.1/ros2_ws/install/person_msgs/include/person_msgs/msg/detail
[10.608s] -- Installing: /home/koara/robosys2024-02.1/ros2_ws/install/person_msgs/include/person_msgs/msg/detail/person__functions.c
[10.608s] -- Installing: /home/koara/robosys2024-02.1/ros2_ws/install/person_msgs/include/person_msgs/msg/detail/person__functions.h
[10.608s] -- Installing: /home/koara/robosys2024-02.1/ros2_ws/install/person_msgs/include/person_msgs/msg/detail/person__type_support.h
[10.608s] -- Installing: /home/koara/robosys2024-02.1/ros2_ws/install/person_msgs/include/person_msgs/msg/detail/person__struct.h
[10.609s] -- Installing: /home/koara/robosys2024-02.1/ros2_ws/install/person_msgs/share/person_msgs/environment/library_path.sh
[10.609s] -- Installing: /home/koara/robosys2024-02.1/ros2_ws/install/person_msgs/share/person_msgs/environment/library_path.dsv
[10.610s] -- Installing: /home/koara/robosys2024-02.1/ros2_ws/install/person_msgs/lib/libperson_msgs__rosidl_generator_c.so
[10.610s] -- Set runtime path of "/home/koara/robosys2024-02.1/ros2_ws/install/person_msgs/lib/libperson_msgs__rosidl_generator_c.so" to ""
[10.610s] -- Up-to-date: /home/koara/robosys2024-02.1/ros2_ws/install/person_msgs/include/person_msgs
[10.611s] -- Up-to-date: /home/koara/robosys2024-02.1/ros2_ws/install/person_msgs/include/person_msgs/srv
[10.611s] -- Up-to-date: /home/koara/robosys2024-02.1/ros2_ws/install/person_msgs/include/person_msgs/srv/detail
[10.611s] -- Installing: /home/koara/robosys2024-02.1/ros2_ws/install/person_msgs/include/person_msgs/srv/detail/query__rosidl_typesupport_fastrtps_c.h
[10.611s] -- Up-to-date: /home/koara/robosys2024-02.1/ros2_ws/install/person_msgs/include/person_msgs/msg
[10.611s] -- Up-to-date: /home/koara/robosys2024-02.1/ros2_ws/install/person_msgs/include/person_msgs/msg/detail
[10.611s] -- Installing: /home/koara/robosys2024-02.1/ros2_ws/install/person_msgs/include/person_msgs/msg/detail/person__rosidl_typesupport_fastrtps_c.h
[10.611s] -- Installing: /home/koara/robosys2024-02.1/ros2_ws/install/person_msgs/include/person_msgs/msg/rosidl_typesupport_fastrtps_c__visibility_control.h
[10.611s] -- Installing: /home/koara/robosys2024-02.1/ros2_ws/install/person_msgs/lib/libperson_msgs__rosidl_typesupport_fastrtps_c.so
[10.612s] -- Set runtime path of "/home/koara/robosys2024-02.1/ros2_ws/install/person_msgs/lib/libperson_msgs__rosidl_typesupport_fastrtps_c.so" to ""
[10.612s] -- Up-to-date: /home/koara/robosys2024-02.1/ros2_ws/install/person_msgs/include/person_msgs
[10.612s] -- Up-to-date: /home/koara/robosys2024-02.1/ros2_ws/install/person_msgs/include/person_msgs/srv
[10.612s] -- Up-to-date: /home/koara/robosys2024-02.1/ros2_ws/install/person_msgs/include/person_msgs/srv/detail
[10.612s] -- Installing: /home/koara/robosys2024-02.1/ros2_ws/install/person_msgs/include/person_msgs/srv/detail/dds_fastrtps
[10.612s] -- Installing: /home/koara/robosys2024-02.1/ros2_ws/install/person_msgs/include/person_msgs/srv/detail/query__rosidl_typesupport_fastrtps_cpp.hpp
[10.613s] -- Up-to-date: /home/koara/robosys2024-02.1/ros2_ws/install/person_msgs/include/person_msgs/msg
[10.613s] -- Installing: /home/koara/robosys2024-02.1/ros2_ws/install/person_msgs/include/person_msgs/msg/rosidl_typesupport_fastrtps_cpp__visibility_control.h
[10.613s] -- Up-to-date: /home/koara/robosys2024-02.1/ros2_ws/install/person_msgs/include/person_msgs/msg/detail
[10.613s] -- Installing: /home/koara/robosys2024-02.1/ros2_ws/install/person_msgs/include/person_msgs/msg/detail/dds_fastrtps
[10.613s] -- Installing: /home/koara/robosys2024-02.1/ros2_ws/install/person_msgs/include/person_msgs/msg/detail/person__rosidl_typesupport_fastrtps_cpp.hpp
[10.613s] -- Installing: /home/koara/robosys2024-02.1/ros2_ws/install/person_msgs/lib/libperson_msgs__rosidl_typesupport_fastrtps_cpp.so
[10.614s] -- Set runtime path of "/home/koara/robosys2024-02.1/ros2_ws/install/person_msgs/lib/libperson_msgs__rosidl_typesupport_fastrtps_cpp.so" to ""
[10.614s] -- Up-to-date: /home/koara/robosys2024-02.1/ros2_ws/install/person_msgs/include/person_msgs
[10.614s] -- Up-to-date: /home/koara/robosys2024-02.1/ros2_ws/install/person_msgs/include/person_msgs/srv
[10.615s] -- Up-to-date: /home/koara/robosys2024-02.1/ros2_ws/install/person_msgs/include/person_msgs/srv/detail
[10.615s] -- Installing: /home/koara/robosys2024-02.1/ros2_ws/install/person_msgs/include/person_msgs/srv/detail/query__type_support.c
[10.615s] -- Installing: /home/koara/robosys2024-02.1/ros2_ws/install/person_msgs/include/person_msgs/srv/detail/query__rosidl_typesupport_introspection_c.h
[10.615s] -- Up-to-date: /home/koara/robosys2024-02.1/ros2_ws/install/person_msgs/include/person_msgs/msg
[10.615s] -- Up-to-date: /home/koara/robosys2024-02.1/ros2_ws/install/person_msgs/include/person_msgs/msg/detail
[10.615s] -- Installing: /home/koara/robosys2024-02.1/ros2_ws/install/person_msgs/include/person_msgs/msg/detail/person__rosidl_typesupport_introspection_c.h
[10.615s] -- Installing: /home/koara/robosys2024-02.1/ros2_ws/install/person_msgs/include/person_msgs/msg/detail/person__type_support.c
[10.615s] -- Installing: /home/koara/robosys2024-02.1/ros2_ws/install/person_msgs/include/person_msgs/msg/rosidl_typesupport_introspection_c__visibility_control.h
[10.616s] -- Installing: /home/koara/robosys2024-02.1/ros2_ws/install/person_msgs/lib/libperson_msgs__rosidl_typesupport_introspection_c.so
[10.616s] -- Set runtime path of "/home/koara/robosys2024-02.1/ros2_ws/install/person_msgs/lib/libperson_msgs__rosidl_typesupport_introspection_c.so" to ""
[10.616s] -- Installing: /home/koara/robosys2024-02.1/ros2_ws/install/person_msgs/lib/libperson_msgs__rosidl_typesupport_c.so
[10.616s] -- Set runtime path of "/home/koara/robosys2024-02.1/ros2_ws/install/person_msgs/lib/libperson_msgs__rosidl_typesupport_c.so" to ""
[10.616s] -- Up-to-date: /home/koara/robosys2024-02.1/ros2_ws/install/person_msgs/include/person_msgs
[10.616s] -- Up-to-date: /home/koara/robosys2024-02.1/ros2_ws/install/person_msgs/include/person_msgs/srv
[10.616s] -- Up-to-date: /home/koara/robosys2024-02.1/ros2_ws/install/person_msgs/include/person_msgs/srv/detail
[10.617s] -- Installing: /home/koara/robosys2024-02.1/ros2_ws/install/person_msgs/include/person_msgs/srv/detail/query__traits.hpp
[10.617s] -- Installing: /home/koara/robosys2024-02.1/ros2_ws/install/person_msgs/include/person_msgs/srv/detail/query__struct.hpp
[10.617s] -- Installing: /home/koara/robosys2024-02.1/ros2_ws/install/person_msgs/include/person_msgs/srv/detail/query__type_support.hpp
[10.617s] -- Installing: /home/koara/robosys2024-02.1/ros2_ws/install/person_msgs/include/person_msgs/srv/detail/query__builder.hpp
[10.617s] -- Installing: /home/koara/robosys2024-02.1/ros2_ws/install/person_msgs/include/person_msgs/srv/query.hpp
[10.617s] -- Up-to-date: /home/koara/robosys2024-02.1/ros2_ws/install/person_msgs/include/person_msgs/msg
[10.617s] -- Up-to-date: /home/koara/robosys2024-02.1/ros2_ws/install/person_msgs/include/person_msgs/msg/detail
[10.618s] -- Installing: /home/koara/robosys2024-02.1/ros2_ws/install/person_msgs/include/person_msgs/msg/detail/person__struct.hpp
[10.618s] -- Installing: /home/koara/robosys2024-02.1/ros2_ws/install/person_msgs/include/person_msgs/msg/detail/person__type_support.hpp
[10.618s] -- Installing: /home/koara/robosys2024-02.1/ros2_ws/install/person_msgs/include/person_msgs/msg/detail/person__builder.hpp
[10.618s] -- Installing: /home/koara/robosys2024-02.1/ros2_ws/install/person_msgs/include/person_msgs/msg/detail/person__traits.hpp
[10.618s] -- Installing: /home/koara/robosys2024-02.1/ros2_ws/install/person_msgs/include/person_msgs/msg/rosidl_generator_cpp__visibility_control.hpp
[10.618s] -- Installing: /home/koara/robosys2024-02.1/ros2_ws/install/person_msgs/include/person_msgs/msg/person.hpp
[10.619s] -- Up-to-date: /home/koara/robosys2024-02.1/ros2_ws/install/person_msgs/include/person_msgs
[10.619s] -- Up-to-date: /home/koara/robosys2024-02.1/ros2_ws/install/person_msgs/include/person_msgs/srv
[10.619s] -- Up-to-date: /home/koara/robosys2024-02.1/ros2_ws/install/person_msgs/include/person_msgs/srv/detail
[10.619s] -- Installing: /home/koara/robosys2024-02.1/ros2_ws/install/person_msgs/include/person_msgs/srv/detail/query__rosidl_typesupport_introspection_cpp.hpp
[10.619s] -- Installing: /home/koara/robosys2024-02.1/ros2_ws/install/person_msgs/include/person_msgs/srv/detail/query__type_support.cpp
[10.620s] -- Up-to-date: /home/koara/robosys2024-02.1/ros2_ws/install/person_msgs/include/person_msgs/msg
[10.620s] -- Up-to-date: /home/koara/robosys2024-02.1/ros2_ws/install/person_msgs/include/person_msgs/msg/detail
[10.620s] -- Installing: /home/koara/robosys2024-02.1/ros2_ws/install/person_msgs/include/person_msgs/msg/detail/person__rosidl_typesupport_introspection_cpp.hpp
[10.620s] -- Installing: /home/koara/robosys2024-02.1/ros2_ws/install/person_msgs/include/person_msgs/msg/detail/person__type_support.cpp
[10.621s] -- Installing: /home/koara/robosys2024-02.1/ros2_ws/install/person_msgs/lib/libperson_msgs__rosidl_typesupport_introspection_cpp.so
[10.621s] -- Set runtime path of "/home/koara/robosys2024-02.1/ros2_ws/install/person_msgs/lib/libperson_msgs__rosidl_typesupport_introspection_cpp.so" to ""
[10.621s] -- Installing: /home/koara/robosys2024-02.1/ros2_ws/install/person_msgs/lib/libperson_msgs__rosidl_typesupport_cpp.so
[10.621s] -- Set runtime path of "/home/koara/robosys2024-02.1/ros2_ws/install/person_msgs/lib/libperson_msgs__rosidl_typesupport_cpp.so" to ""
[10.621s] -- Installing: /home/koara/robosys2024-02.1/ros2_ws/install/person_msgs/share/person_msgs/environment/pythonpath.sh
[10.621s] -- Installing: /home/koara/robosys2024-02.1/ros2_ws/install/person_msgs/share/person_msgs/environment/pythonpath.dsv
[10.621s] -- Installing: /home/koara/robosys2024-02.1/ros2_ws/install/person_msgs/lib/python3.8/site-packages/person_msgs/__init__.py
[10.652s] Compiling '/home/koara/robosys2024-02.1/ros2_ws/install/person_msgs/lib/python3.8/site-packages/person_msgs/__init__.py'...
[10.656s] -- Installing: /home/koara/robosys2024-02.1/ros2_ws/install/person_msgs/lib/python3.8/site-packages/person_msgs/msg
[10.656s] -- Installing: /home/koara/robosys2024-02.1/ros2_ws/install/person_msgs/lib/python3.8/site-packages/person_msgs/msg/__init__.py
[10.656s] -- Installing: /home/koara/robosys2024-02.1/ros2_ws/install/person_msgs/lib/python3.8/site-packages/person_msgs/msg/_person_s.c
[10.656s] -- Installing: /home/koara/robosys2024-02.1/ros2_ws/install/person_msgs/lib/python3.8/site-packages/person_msgs/msg/_person.py
[10.657s] -- Installing: /home/koara/robosys2024-02.1/ros2_ws/install/person_msgs/lib/python3.8/site-packages/person_msgs/srv
[10.657s] -- Installing: /home/koara/robosys2024-02.1/ros2_ws/install/person_msgs/lib/python3.8/site-packages/person_msgs/srv/_query.py
[10.657s] -- Installing: /home/koara/robosys2024-02.1/ros2_ws/install/person_msgs/lib/python3.8/site-packages/person_msgs/srv/_query_s.c
[10.657s] -- Installing: /home/koara/robosys2024-02.1/ros2_ws/install/person_msgs/lib/python3.8/site-packages/person_msgs/srv/__init__.py
[10.657s] -- Installing: /home/koara/robosys2024-02.1/ros2_ws/install/person_msgs/lib/python3.8/site-packages/person_msgs/person_msgs_s__rosidl_typesupport_fastrtps_c.cpython-38-x86_64-linux-gnu.so
[10.658s] -- Set runtime path of "/home/koara/robosys2024-02.1/ros2_ws/install/person_msgs/lib/python3.8/site-packages/person_msgs/person_msgs_s__rosidl_typesupport_fastrtps_c.cpython-38-x86_64-linux-gnu.so" to ""
[10.658s] -- Installing: /home/koara/robosys2024-02.1/ros2_ws/install/person_msgs/lib/python3.8/site-packages/person_msgs/person_msgs_s__rosidl_typesupport_introspection_c.cpython-38-x86_64-linux-gnu.so
[10.659s] -- Set runtime path of "/home/koara/robosys2024-02.1/ros2_ws/install/person_msgs/lib/python3.8/site-packages/person_msgs/person_msgs_s__rosidl_typesupport_introspection_c.cpython-38-x86_64-linux-gnu.so" to ""
[10.659s] -- Installing: /home/koara/robosys2024-02.1/ros2_ws/install/person_msgs/lib/python3.8/site-packages/person_msgs/person_msgs_s__rosidl_typesupport_c.cpython-38-x86_64-linux-gnu.so
[10.660s] -- Set runtime path of "/home/koara/robosys2024-02.1/ros2_ws/install/person_msgs/lib/python3.8/site-packages/person_msgs/person_msgs_s__rosidl_typesupport_c.cpython-38-x86_64-linux-gnu.so" to ""
[10.660s] -- Installing: /home/koara/robosys2024-02.1/ros2_ws/install/person_msgs/lib/libperson_msgs__python.so
[10.660s] -- Set runtime path of "/home/koara/robosys2024-02.1/ros2_ws/install/person_msgs/lib/libperson_msgs__python.so" to ""
[10.661s] -- Installing: /home/koara/robosys2024-02.1/ros2_ws/install/person_msgs/share/person_msgs/msg/Person.idl
[10.661s] -- Installing: /home/koara/robosys2024-02.1/ros2_ws/install/person_msgs/share/person_msgs/srv/Query.idl
[10.661s] -- Installing: /home/koara/robosys2024-02.1/ros2_ws/install/person_msgs/share/person_msgs/msg/Person.msg
[10.662s] -- Installing: /home/koara/robosys2024-02.1/ros2_ws/install/person_msgs/share/person_msgs/srv/Query.srv
[10.662s] -- Installing: /home/koara/robosys2024-02.1/ros2_ws/install/person_msgs/share/person_msgs/srv/Query_Request.msg
[10.662s] -- Installing: /home/koara/robosys2024-02.1/ros2_ws/install/person_msgs/share/person_msgs/srv/Query_Response.msg
[10.663s] -- Installing: /home/koara/robosys2024-02.1/ros2_ws/install/person_msgs/share/ament_index/resource_index/package_run_dependencies/person_msgs
[10.663s] -- Installing: /home/koara/robosys2024-02.1/ros2_ws/install/person_msgs/share/ament_index/resource_index/parent_prefix_path/person_msgs
[10.663s] -- Installing: /home/koara/robosys2024-02.1/ros2_ws/install/person_msgs/share/person_msgs/environment/ament_prefix_path.sh
[10.663s] -- Installing: /home/koara/robosys2024-02.1/ros2_ws/install/person_msgs/share/person_msgs/environment/ament_prefix_path.dsv
[10.663s] -- Installing: /home/koara/robosys2024-02.1/ros2_ws/install/person_msgs/share/person_msgs/environment/path.sh
[10.664s] -- Installing: /home/koara/robosys2024-02.1/ros2_ws/install/person_msgs/share/person_msgs/environment/path.dsv
[10.664s] -- Installing: /home/koara/robosys2024-02.1/ros2_ws/install/person_msgs/share/person_msgs/local_setup.bash
[10.664s] -- Installing: /home/koara/robosys2024-02.1/ros2_ws/install/person_msgs/share/person_msgs/local_setup.sh
[10.664s] -- Installing: /home/koara/robosys2024-02.1/ros2_ws/install/person_msgs/share/person_msgs/local_setup.zsh
[10.664s] -- Installing: /home/koara/robosys2024-02.1/ros2_ws/install/person_msgs/share/person_msgs/local_setup.dsv
[10.665s] -- Installing: /home/koara/robosys2024-02.1/ros2_ws/install/person_msgs/share/person_msgs/package.dsv
[10.665s] -- Installing: /home/koara/robosys2024-02.1/ros2_ws/install/person_msgs/share/ament_index/resource_index/packages/person_msgs
[10.665s] -- Installing: /home/koara/robosys2024-02.1/ros2_ws/install/person_msgs/share/person_msgs/cmake/person_msgs__rosidl_generator_cExport.cmake
[10.665s] -- Installing: /home/koara/robosys2024-02.1/ros2_ws/install/person_msgs/share/person_msgs/cmake/person_msgs__rosidl_generator_cExport-noconfig.cmake
[10.666s] -- Installing: /home/koara/robosys2024-02.1/ros2_ws/install/person_msgs/share/person_msgs/cmake/person_msgs__rosidl_typesupport_introspection_cExport.cmake
[10.666s] -- Installing: /home/koara/robosys2024-02.1/ros2_ws/install/person_msgs/share/person_msgs/cmake/person_msgs__rosidl_typesupport_introspection_cExport-noconfig.cmake
[10.666s] -- Installing: /home/koara/robosys2024-02.1/ros2_ws/install/person_msgs/share/person_msgs/cmake/person_msgs__rosidl_typesupport_cExport.cmake
[10.666s] -- Installing: /home/koara/robosys2024-02.1/ros2_ws/install/person_msgs/share/person_msgs/cmake/person_msgs__rosidl_typesupport_cExport-noconfig.cmake
[10.667s] -- Installing: /home/koara/robosys2024-02.1/ros2_ws/install/person_msgs/share/person_msgs/cmake/person_msgs__rosidl_generator_cppExport.cmake
[10.667s] -- Installing: /home/koara/robosys2024-02.1/ros2_ws/install/person_msgs/share/person_msgs/cmake/person_msgs__rosidl_typesupport_introspection_cppExport.cmake
[10.667s] -- Installing: /home/koara/robosys2024-02.1/ros2_ws/install/person_msgs/share/person_msgs/cmake/person_msgs__rosidl_typesupport_introspection_cppExport-noconfig.cmake
[10.667s] -- Installing: /home/koara/robosys2024-02.1/ros2_ws/install/person_msgs/share/person_msgs/cmake/person_msgs__rosidl_typesupport_cppExport.cmake
[10.668s] -- Installing: /home/koara/robosys2024-02.1/ros2_ws/install/person_msgs/share/person_msgs/cmake/person_msgs__rosidl_typesupport_cppExport-noconfig.cmake
[10.668s] -- Installing: /home/koara/robosys2024-02.1/ros2_ws/install/person_msgs/share/person_msgs/cmake/rosidl_cmake-extras.cmake
[10.668s] -- Installing: /home/koara/robosys2024-02.1/ros2_ws/install/person_msgs/share/person_msgs/cmake/ament_cmake_export_dependencies-extras.cmake
[10.668s] -- Installing: /home/koara/robosys2024-02.1/ros2_ws/install/person_msgs/share/person_msgs/cmake/ament_cmake_export_libraries-extras.cmake
[10.669s] -- Installing: /home/koara/robosys2024-02.1/ros2_ws/install/person_msgs/share/person_msgs/cmake/ament_cmake_export_targets-extras.cmake
[10.669s] -- Installing: /home/koara/robosys2024-02.1/ros2_ws/install/person_msgs/share/person_msgs/cmake/ament_cmake_export_include_directories-extras.cmake
[10.669s] -- Installing: /home/koara/robosys2024-02.1/ros2_ws/install/person_msgs/share/person_msgs/cmake/rosidl_cmake_export_typesupport_libraries-extras.cmake
[10.669s] -- Installing: /home/koara/robosys2024-02.1/ros2_ws/install/person_msgs/share/person_msgs/cmake/rosidl_cmake_export_typesupport_targets-extras.cmake
[10.669s] -- Installing: /home/koara/robosys2024-02.1/ros2_ws/install/person_msgs/share/person_msgs/cmake/person_msgsConfig.cmake
[10.669s] -- Installing: /home/koara/robosys2024-02.1/ros2_ws/install/person_msgs/share/person_msgs/cmake/person_msgsConfig-version.cmake
[10.669s] -- Installing: /home/koara/robosys2024-02.1/ros2_ws/install/person_msgs/share/person_msgs/package.xml
[10.672s] Invoked command in '/home/koara/robosys2024-02.1/ros2_ws/build/person_msgs' returned '0': CMAKE_PREFIX_PATH=${CMAKE_PREFIX_PATH}:/home/koara/robosys2024-4/ros2_ws/install/mypkg:/opt/ros/foxy /usr/bin/cmake --install /home/koara/robosys2024-02.1/ros2_ws/build/person_msgs
