[0.676s] Invoking command in '/home/koara/robosys2024-02.1/ros2_ws/src/mypkg': PYTHONPATH=/home/koara/robosys2024-02.1/ros2_ws/build/mypkg/prefix_override:/usr/lib/python3/dist-packages/colcon_core/task/python/colcon_distutils_commands:/home/koara/robosys2024-02.1/ros2_ws/install/mypkg/lib/python3.8/site-packages:${PYTHONPATH} /usr/bin/python3 -W ignore:setup.py install is deprecated setup.py egg_info --egg-base ../../build/mypkg build --build-base /home/koara/robosys2024-02.1/ros2_ws/build/mypkg/build install --record /home/koara/robosys2024-02.1/ros2_ws/build/mypkg/install.log --install-scripts $base/lib/mypkg --single-version-externally-managed install_data
[0.879s] running egg_info
[0.879s] writing ../../build/mypkg/mypkg.egg-info/PKG-INFO
[0.880s] writing dependency_links to ../../build/mypkg/mypkg.egg-info/dependency_links.txt
[0.880s] writing entry points to ../../build/mypkg/mypkg.egg-info/entry_points.txt
[0.880s] writing requirements to ../../build/mypkg/mypkg.egg-info/requires.txt
[0.880s] writing top-level names to ../../build/mypkg/mypkg.egg-info/top_level.txt
[0.918s] reading manifest file '../../build/mypkg/mypkg.egg-info/SOURCES.txt'
[0.920s] writing manifest file '../../build/mypkg/mypkg.egg-info/SOURCES.txt'
[0.920s] running build
[0.920s] running build_py
[0.920s] copying mypkg/test.py -> /home/koara/robosys2024-02.1/ros2_ws/build/mypkg/build/lib/mypkg
[0.921s] copying mypkg/raneg.py -> /home/koara/robosys2024-02.1/ros2_ws/build/mypkg/build/lib/mypkg
[0.921s] running install
[0.922s] running install_lib
[0.923s] copying /home/koara/robosys2024-02.1/ros2_ws/build/mypkg/build/lib/mypkg/test.py -> /home/koara/robosys2024-02.1/ros2_ws/install/mypkg/lib/python3.8/site-packages/mypkg
[0.924s] copying /home/koara/robosys2024-02.1/ros2_ws/build/mypkg/build/lib/mypkg/raneg.py -> /home/koara/robosys2024-02.1/ros2_ws/install/mypkg/lib/python3.8/site-packages/mypkg
[0.924s] byte-compiling /home/koara/robosys2024-02.1/ros2_ws/install/mypkg/lib/python3.8/site-packages/mypkg/test.py to test.cpython-38.pyc
[0.927s] byte-compiling /home/koara/robosys2024-02.1/ros2_ws/install/mypkg/lib/python3.8/site-packages/mypkg/raneg.py to raneg.cpython-38.pyc
[0.927s]   File "/home/koara/robosys2024-02.1/ros2_ws/install/mypkg/lib/python3.8/site-packages/mypkg/raneg.py", line 1
[0.927s]     mport rclpy
[0.927s]           ^
[0.927s] SyntaxError: invalid syntax
[0.927s] 
[0.928s] running install_data
[0.928s] copying package.xml -> /home/koara/robosys2024-02.1/ros2_ws/install/mypkg/share/mypkg
[0.928s] copying launch/talk_listen.launch.py -> /home/koara/robosys2024-02.1/ros2_ws/install/mypkg/share/mypkg
[0.928s] running install_egg_info
[0.930s] removing '/home/koara/robosys2024-02.1/ros2_ws/install/mypkg/lib/python3.8/site-packages/mypkg-0.0.0-py3.8.egg-info' (and everything under it)
[0.930s] Copying ../../build/mypkg/mypkg.egg-info to /home/koara/robosys2024-02.1/ros2_ws/install/mypkg/lib/python3.8/site-packages/mypkg-0.0.0-py3.8.egg-info
[0.932s] running install_scripts
[0.949s] Installing range script to /home/koara/robosys2024-02.1/ros2_ws/install/mypkg/lib/mypkg
[0.949s] Installing test script to /home/koara/robosys2024-02.1/ros2_ws/install/mypkg/lib/mypkg
[0.949s] writing list of installed files to '/home/koara/robosys2024-02.1/ros2_ws/build/mypkg/install.log'
[0.974s] Invoked command in '/home/koara/robosys2024-02.1/ros2_ws/src/mypkg' returned '0': PYTHONPATH=/home/koara/robosys2024-02.1/ros2_ws/build/mypkg/prefix_override:/usr/lib/python3/dist-packages/colcon_core/task/python/colcon_distutils_commands:/home/koara/robosys2024-02.1/ros2_ws/install/mypkg/lib/python3.8/site-packages:${PYTHONPATH} /usr/bin/python3 -W ignore:setup.py install is deprecated setup.py egg_info --egg-base ../../build/mypkg build --build-base /home/koara/robosys2024-02.1/ros2_ws/build/mypkg/build install --record /home/koara/robosys2024-02.1/ros2_ws/build/mypkg/install.log --install-scripts $base/lib/mypkg --single-version-externally-managed install_data
