[0.216s] Invoking command in '/home/koara/robosys2024-02.1/ros2_ws/build/person_msgs': CMAKE_PREFIX_PATH=${CMAKE_PREFIX_PATH}:/home/koara/robosys2024-4/ros2_ws/install/mypkg:/opt/ros/foxy /usr/bin/cmake --build /home/koara/robosys2024-02.1/ros2_ws/build/person_msgs -- -j12 -l12
[0.315s] CMake Error: The current CMakeCache.txt directory /home/koara/robosys2024-02.1/ros2_ws/build/person_msgs/CMakeCache.txt is different than the directory /home/koara/robosys2024-4/ros2_ws/build/person_msgs where CMakeCache.txt was created. This may result in binaries being created in the wrong place. If you are not sure, reedit the CMakeCache.txt
[0.358s] -- Found ament_cmake: 0.9.12 (/opt/ros/foxy/share/ament_cmake/cmake)
[0.385s] -- Found PythonInterp: /usr/bin/python3 (found suitable version "3.8.10", minimum required is "3") 
[0.385s] -- Using PYTHON_EXECUTABLE: /usr/bin/python3
[0.574s] -- Found ament_lint_auto: 0.9.8 (/opt/ros/foxy/share/ament_lint_auto/cmake)
[0.576s] -- Found rosidl_default_generators: 1.0.1 (/opt/ros/foxy/share/rosidl_default_generators/cmake)
[0.581s] -- Using all available rosidl_typesupport_c: rosidl_typesupport_fastrtps_c;rosidl_typesupport_introspection_c
[0.587s] -- Found rosidl_adapter: 1.3.1 (/opt/ros/foxy/share/rosidl_adapter/cmake)
[2.935s] -- Using all available rosidl_typesupport_cpp: rosidl_typesupport_fastrtps_cpp;rosidl_typesupport_introspection_cpp
[2.990s] -- Found PythonInterp: /usr/bin/python3 (found version "3.8.10") 
[3.112s] -- Found ament_cmake_ros: 0.9.2 (/opt/ros/foxy/share/ament_cmake_ros/cmake)
[5.323s] -- Using all available rosidl_typesupport_c: rosidl_typesupport_fastrtps_c;rosidl_typesupport_introspection_c
[5.332s] -- Using all available rosidl_typesupport_cpp: rosidl_typesupport_fastrtps_cpp;rosidl_typesupport_introspection_cpp
[5.354s] -- Found PythonInterp: /usr/bin/python3 (found suitable version "3.8.10", minimum required is "3.5") 
[5.355s] -- Found python_cmake_module: 0.8.1 (/opt/ros/foxy/share/python_cmake_module/cmake)
[5.379s] -- Using PYTHON_EXECUTABLE: /usr/bin/python3
[5.380s] -- Using PYTHON_INCLUDE_DIRS: /usr/include/python3.8
[5.380s] -- Using PYTHON_LIBRARIES: /usr/lib/x86_64-linux-gnu/libpython3.8.so
[5.418s] -- Added test 'copyright' to check source files copyright and LICENSE
[5.430s] -- Added test 'cppcheck' to perform static code analysis on C / C++ code
[5.431s] -- Configured cppcheck include dirs: 
[5.432s] -- Configured cppcheck exclude dirs and/or files: 
[5.438s] -- Added test 'cpplint' to check C / C++ code against the Google style
[5.438s] -- Configured cpplint exclude dirs and/or files: 
[5.439s] -- Added test 'flake8' to check Python code syntax and style conventions
[5.441s] -- Added test 'lint_cmake' to check CMake code style
[5.442s] -- Added test 'pep257' to check Python code against some of the style conventions in PEP 257
[5.448s] -- Added test 'uncrustify' to check C / C++ code style
[5.448s] -- Configured uncrustify additional arguments: 
[5.449s] -- Added test 'xmllint' to check XML markup files
[5.466s] -- Configuring done
[5.527s] -- Generating done
[5.532s] -- Build files have been written to: /home/koara/robosys2024-4/ros2_ws/build/person_msgs
[5.585s] [  5%] Built target person_msgs__cpp
[5.585s] [  5%] [32mBuilding C object CMakeFiles/person_msgs__rosidl_generator_c.dir/rosidl_generator_c/person_msgs/srv/detail/query__functions.c.o[0m
[5.585s] [  7%] [32mBuilding C object CMakeFiles/person_msgs__rosidl_generator_c.dir/rosidl_generator_c/person_msgs/msg/detail/person__functions.c.o[0m
[5.615s] [ 15%] [32mBuilding CXX object CMakeFiles/person_msgs__rosidl_typesupport_cpp.dir/rosidl_typesupport_cpp/person_msgs/msg/person__type_support.cpp.o[0m
[5.615s] [ 15%] [32mBuilding CXX object CMakeFiles/person_msgs__rosidl_typesupport_fastrtps_cpp.dir/rosidl_typesupport_fastrtps_cpp/person_msgs/msg/detail/dds_fastrtps/person__type_support.cpp.o[0m
[5.615s] [ 15%] [32mBuilding CXX object CMakeFiles/person_msgs__rosidl_typesupport_introspection_cpp.dir/rosidl_typesupport_introspection_cpp/person_msgs/msg/detail/person__type_support.cpp.o[0m
[5.616s] [ 17%] [32mBuilding CXX object CMakeFiles/person_msgs__rosidl_typesupport_introspection_cpp.dir/rosidl_typesupport_introspection_cpp/person_msgs/srv/detail/query__type_support.cpp.o[0m
[5.616s] [ 23%] [32mBuilding CXX object CMakeFiles/person_msgs__rosidl_typesupport_cpp.dir/rosidl_typesupport_cpp/person_msgs/srv/query__type_support.cpp.o[0m
[5.616s] [ 23%] [32mBuilding CXX object CMakeFiles/person_msgs__rosidl_typesupport_fastrtps_cpp.dir/rosidl_typesupport_fastrtps_cpp/person_msgs/srv/detail/dds_fastrtps/query__type_support.cpp.o[0m
[5.924s] [ 25%] [32m[1mLinking C shared library libperson_msgs__rosidl_generator_c.so[0m
[6.055s] [ 28%] Built target person_msgs__rosidl_generator_c
[6.090s] [ 33%] [32mBuilding C object CMakeFiles/person_msgs__rosidl_typesupport_introspection_c.dir/rosidl_typesupport_introspection_c/person_msgs/msg/detail/person__type_support.c.o[0m
[6.090s] [ 33%] [32mBuilding C object CMakeFiles/person_msgs__rosidl_typesupport_introspection_c.dir/rosidl_typesupport_introspection_c/person_msgs/srv/detail/query__type_support.c.o[0m
[6.105s] [ 35%] [32mBuilding CXX object CMakeFiles/person_msgs__rosidl_typesupport_c.dir/rosidl_typesupport_c/person_msgs/msg/person__type_support.cpp.o[0m
[6.105s] [ 38%] [32mBuilding CXX object CMakeFiles/person_msgs__rosidl_typesupport_c.dir/rosidl_typesupport_c/person_msgs/srv/query__type_support.cpp.o[0m
[6.147s] [ 41%] [32m[1mLinking C shared library libperson_msgs__rosidl_typesupport_introspection_c.so[0m
[6.205s] [ 43%] [32m[1mLinking CXX shared library libperson_msgs__rosidl_typesupport_c.so[0m
[6.249s] [ 46%] Built target person_msgs__rosidl_typesupport_introspection_c
[6.250s] [ 48%] [32m[1mLinking CXX shared library libperson_msgs__rosidl_typesupport_cpp.so[0m
[6.255s] [ 51%] [32m[1mLinking CXX shared library libperson_msgs__rosidl_typesupport_introspection_cpp.so[0m
[6.314s] [ 53%] Built target person_msgs__rosidl_typesupport_c
[6.342s] [ 56%] Built target person_msgs__rosidl_typesupport_cpp
[6.353s] [ 58%] Built target person_msgs__rosidl_typesupport_introspection_cpp
[6.413s] [ 61%] [32m[1mLinking CXX shared library libperson_msgs__rosidl_typesupport_fastrtps_cpp.so[0m
[6.527s] [ 64%] Built target person_msgs__rosidl_typesupport_fastrtps_cpp
[6.553s] [ 66%] [32mBuilding CXX object CMakeFiles/person_msgs__rosidl_typesupport_fastrtps_c.dir/rosidl_typesupport_fastrtps_c/person_msgs/msg/detail/person__type_support_c.cpp.o[0m
[6.553s] [ 69%] [32mBuilding CXX object CMakeFiles/person_msgs__rosidl_typesupport_fastrtps_c.dir/rosidl_typesupport_fastrtps_c/person_msgs/srv/detail/query__type_support_c.cpp.o[0m
[6.919s] [ 71%] [32m[1mLinking CXX shared library libperson_msgs__rosidl_typesupport_fastrtps_c.so[0m
[7.040s] [ 74%] Built target person_msgs__rosidl_typesupport_fastrtps_c
[7.062s] [ 74%] Built target person_msgs
[7.084s] [ 76%] Built target person_msgs__py
[7.111s] [ 79%] [32mBuilding C object CMakeFiles/person_msgs__python.dir/rosidl_generator_py/person_msgs/msg/_person_s.c.o[0m
[7.111s] [ 82%] [32mBuilding C object CMakeFiles/person_msgs__python.dir/rosidl_generator_py/person_msgs/srv/_query_s.c.o[0m
[7.247s] [ 84%] [32m[1mLinking C shared library rosidl_generator_py/person_msgs/libperson_msgs__python.so[0m
[7.316s] [ 84%] Built target person_msgs__python
[7.341s] [ 87%] [32mBuilding C object CMakeFiles/person_msgs__rosidl_typesupport_introspection_c__pyext.dir/rosidl_generator_py/person_msgs/_person_msgs_s.ep.rosidl_typesupport_introspection_c.c.o[0m
[7.341s] [ 92%] [32mBuilding C object CMakeFiles/person_msgs__rosidl_typesupport_c__pyext.dir/rosidl_generator_py/person_msgs/_person_msgs_s.ep.rosidl_typesupport_c.c.o[0m
[7.341s] [ 92%] [32mBuilding C object CMakeFiles/person_msgs__rosidl_typesupport_fastrtps_c__pyext.dir/rosidl_generator_py/person_msgs/_person_msgs_s.ep.rosidl_typesupport_fastrtps_c.c.o[0m
[7.434s] [ 97%] [32m[1mLinking C shared library rosidl_generator_py/person_msgs/person_msgs_s__rosidl_typesupport_c.cpython-38-x86_64-linux-gnu.so[0m
[7.434s] [ 97%] [32m[1mLinking CXX shared library rosidl_generator_py/person_msgs/person_msgs_s__rosidl_typesupport_fastrtps_c.cpython-38-x86_64-linux-gnu.so[0m
[7.434s] [100%] [32m[1mLinking C shared library rosidl_generator_py/person_msgs/person_msgs_s__rosidl_typesupport_introspection_c.cpython-38-x86_64-linux-gnu.so[0m
[7.499s] [100%] Built target person_msgs__rosidl_typesupport_introspection_c__pyext
[7.499s] [100%] Built target person_msgs__rosidl_typesupport_c__pyext
[7.527s] [100%] Built target person_msgs__rosidl_typesupport_fastrtps_c__pyext
[7.540s] Invoked command in '/home/koara/robosys2024-02.1/ros2_ws/build/person_msgs' returned '0': CMAKE_PREFIX_PATH=${CMAKE_PREFIX_PATH}:/home/koara/robosys2024-4/ros2_ws/install/mypkg:/opt/ros/foxy /usr/bin/cmake --build /home/koara/robosys2024-02.1/ros2_ws/build/person_msgs -- -j12 -l12
[7.624s] Invoking command in '/home/koara/robosys2024-02.1/ros2_ws/build/person_msgs': CMAKE_PREFIX_PATH=${CMAKE_PREFIX_PATH}:/home/koara/robosys2024-4/ros2_ws/install/mypkg:/opt/ros/foxy /usr/bin/cmake --install /home/koara/robosys2024-02.1/ros2_ws/build/person_msgs
[7.632s] -- Install configuration: ""
[7.632s] -- Up-to-date: /home/koara/robosys2024-4/ros2_ws/install/person_msgs/share/ament_index/resource_index/rosidl_interfaces/person_msgs
[7.632s] -- Up-to-date: /home/koara/robosys2024-4/ros2_ws/install/person_msgs/include/person_msgs
[7.632s] -- Up-to-date: /home/koara/robosys2024-4/ros2_ws/install/person_msgs/include/person_msgs/srv
[7.633s] -- Up-to-date: /home/koara/robosys2024-4/ros2_ws/install/person_msgs/include/person_msgs/srv/detail
[7.633s] -- Up-to-date: /home/koara/robosys2024-4/ros2_ws/install/person_msgs/include/person_msgs/srv/detail/query__type_support.h
[7.633s] -- Up-to-date: /home/koara/robosys2024-4/ros2_ws/install/person_msgs/include/person_msgs/srv/detail/query__struct.h
[7.633s] -- Up-to-date: /home/koara/robosys2024-4/ros2_ws/install/person_msgs/include/person_msgs/srv/detail/query__functions.h
[7.634s] -- Up-to-date: /home/koara/robosys2024-4/ros2_ws/install/person_msgs/include/person_msgs/srv/detail/query__functions.c
[7.634s] -- Up-to-date: /home/koara/robosys2024-4/ros2_ws/install/person_msgs/include/person_msgs/srv/query.h
[7.634s] -- Up-to-date: /home/koara/robosys2024-4/ros2_ws/install/person_msgs/include/person_msgs/msg
[7.634s] -- Up-to-date: /home/koara/robosys2024-4/ros2_ws/install/person_msgs/include/person_msgs/msg/rosidl_generator_c__visibility_control.h
[7.634s] -- Up-to-date: /home/koara/robosys2024-4/ros2_ws/install/person_msgs/include/person_msgs/msg/person.h
[7.634s] -- Up-to-date: /home/koara/robosys2024-4/ros2_ws/install/person_msgs/include/person_msgs/msg/detail
[7.634s] -- Up-to-date: /home/koara/robosys2024-4/ros2_ws/install/person_msgs/include/person_msgs/msg/detail/person__functions.c
[7.634s] -- Up-to-date: /home/koara/robosys2024-4/ros2_ws/install/person_msgs/include/person_msgs/msg/detail/person__functions.h
[7.635s] -- Up-to-date: /home/koara/robosys2024-4/ros2_ws/install/person_msgs/include/person_msgs/msg/detail/person__type_support.h
[7.635s] -- Up-to-date: /home/koara/robosys2024-4/ros2_ws/install/person_msgs/include/person_msgs/msg/detail/person__struct.h
[7.635s] -- Up-to-date: /home/koara/robosys2024-4/ros2_ws/install/person_msgs/share/person_msgs/environment/library_path.sh
[7.635s] -- Installing: /home/koara/robosys2024-4/ros2_ws/install/person_msgs/share/person_msgs/environment/library_path.dsv
[7.635s] -- Up-to-date: /home/koara/robosys2024-4/ros2_ws/install/person_msgs/lib/libperson_msgs__rosidl_generator_c.so
[7.635s] -- Up-to-date: /home/koara/robosys2024-4/ros2_ws/install/person_msgs/include/person_msgs
[7.635s] -- Up-to-date: /home/koara/robosys2024-4/ros2_ws/install/person_msgs/include/person_msgs/srv
[7.635s] -- Up-to-date: /home/koara/robosys2024-4/ros2_ws/install/person_msgs/include/person_msgs/srv/detail
[7.636s] -- Up-to-date: /home/koara/robosys2024-4/ros2_ws/install/person_msgs/include/person_msgs/srv/detail/query__rosidl_typesupport_fastrtps_c.h
[7.636s] -- Up-to-date: /home/koara/robosys2024-4/ros2_ws/install/person_msgs/include/person_msgs/msg
[7.636s] -- Up-to-date: /home/koara/robosys2024-4/ros2_ws/install/person_msgs/include/person_msgs/msg/detail
[7.636s] -- Up-to-date: /home/koara/robosys2024-4/ros2_ws/install/person_msgs/include/person_msgs/msg/detail/person__rosidl_typesupport_fastrtps_c.h
[7.636s] -- Up-to-date: /home/koara/robosys2024-4/ros2_ws/install/person_msgs/include/person_msgs/msg/rosidl_typesupport_fastrtps_c__visibility_control.h
[7.636s] -- Up-to-date: /home/koara/robosys2024-4/ros2_ws/install/person_msgs/lib/libperson_msgs__rosidl_typesupport_fastrtps_c.so
[7.637s] -- Up-to-date: /home/koara/robosys2024-4/ros2_ws/install/person_msgs/include/person_msgs
[7.637s] -- Up-to-date: /home/koara/robosys2024-4/ros2_ws/install/person_msgs/include/person_msgs/srv
[7.637s] -- Up-to-date: /home/koara/robosys2024-4/ros2_ws/install/person_msgs/include/person_msgs/srv/detail
[7.637s] -- Up-to-date: /home/koara/robosys2024-4/ros2_ws/install/person_msgs/include/person_msgs/srv/detail/dds_fastrtps
[7.638s] -- Up-to-date: /home/koara/robosys2024-4/ros2_ws/install/person_msgs/include/person_msgs/srv/detail/query__rosidl_typesupport_fastrtps_cpp.hpp
[7.638s] -- Up-to-date: /home/koara/robosys2024-4/ros2_ws/install/person_msgs/include/person_msgs/msg
[7.638s] -- Up-to-date: /home/koara/robosys2024-4/ros2_ws/install/person_msgs/include/person_msgs/msg/rosidl_typesupport_fastrtps_cpp__visibility_control.h
[7.638s] -- Up-to-date: /home/koara/robosys2024-4/ros2_ws/install/person_msgs/include/person_msgs/msg/detail
[7.638s] -- Up-to-date: /home/koara/robosys2024-4/ros2_ws/install/person_msgs/include/person_msgs/msg/detail/dds_fastrtps
[7.638s] -- Up-to-date: /home/koara/robosys2024-4/ros2_ws/install/person_msgs/include/person_msgs/msg/detail/person__rosidl_typesupport_fastrtps_cpp.hpp
[7.639s] -- Up-to-date: /home/koara/robosys2024-4/ros2_ws/install/person_msgs/lib/libperson_msgs__rosidl_typesupport_fastrtps_cpp.so
[7.640s] -- Up-to-date: /home/koara/robosys2024-4/ros2_ws/install/person_msgs/include/person_msgs
[7.640s] -- Up-to-date: /home/koara/robosys2024-4/ros2_ws/install/person_msgs/include/person_msgs/srv
[7.640s] -- Up-to-date: /home/koara/robosys2024-4/ros2_ws/install/person_msgs/include/person_msgs/srv/detail
[7.641s] -- Up-to-date: /home/koara/robosys2024-4/ros2_ws/install/person_msgs/include/person_msgs/srv/detail/query__type_support.c
[7.641s] -- Up-to-date: /home/koara/robosys2024-4/ros2_ws/install/person_msgs/include/person_msgs/srv/detail/query__rosidl_typesupport_introspection_c.h
[7.641s] -- Up-to-date: /home/koara/robosys2024-4/ros2_ws/install/person_msgs/include/person_msgs/msg
[7.641s] -- Up-to-date: /home/koara/robosys2024-4/ros2_ws/install/person_msgs/include/person_msgs/msg/detail
[7.641s] -- Up-to-date: /home/koara/robosys2024-4/ros2_ws/install/person_msgs/include/person_msgs/msg/detail/person__rosidl_typesupport_introspection_c.h
[7.641s] -- Up-to-date: /home/koara/robosys2024-4/ros2_ws/install/person_msgs/include/person_msgs/msg/detail/person__type_support.c
[7.641s] -- Up-to-date: /home/koara/robosys2024-4/ros2_ws/install/person_msgs/include/person_msgs/msg/rosidl_typesupport_introspection_c__visibility_control.h
[7.642s] -- Up-to-date: /home/koara/robosys2024-4/ros2_ws/install/person_msgs/lib/libperson_msgs__rosidl_typesupport_introspection_c.so
[7.642s] -- Up-to-date: /home/koara/robosys2024-4/ros2_ws/install/person_msgs/lib/libperson_msgs__rosidl_typesupport_c.so
[7.643s] -- Up-to-date: /home/koara/robosys2024-4/ros2_ws/install/person_msgs/include/person_msgs
[7.643s] -- Up-to-date: /home/koara/robosys2024-4/ros2_ws/install/person_msgs/include/person_msgs/srv
[7.643s] -- Up-to-date: /home/koara/robosys2024-4/ros2_ws/install/person_msgs/include/person_msgs/srv/detail
[7.644s] -- Up-to-date: /home/koara/robosys2024-4/ros2_ws/install/person_msgs/include/person_msgs/srv/detail/query__traits.hpp
[7.644s] -- Up-to-date: /home/koara/robosys2024-4/ros2_ws/install/person_msgs/include/person_msgs/srv/detail/query__struct.hpp
[7.644s] -- Up-to-date: /home/koara/robosys2024-4/ros2_ws/install/person_msgs/include/person_msgs/srv/detail/query__type_support.hpp
[7.644s] -- Up-to-date: /home/koara/robosys2024-4/ros2_ws/install/person_msgs/include/person_msgs/srv/detail/query__builder.hpp
[7.644s] -- Up-to-date: /home/koara/robosys2024-4/ros2_ws/install/person_msgs/include/person_msgs/srv/query.hpp
[7.645s] -- Up-to-date: /home/koara/robosys2024-4/ros2_ws/install/person_msgs/include/person_msgs/msg
[7.645s] -- Up-to-date: /home/koara/robosys2024-4/ros2_ws/install/person_msgs/include/person_msgs/msg/detail
[7.645s] -- Up-to-date: /home/koara/robosys2024-4/ros2_ws/install/person_msgs/include/person_msgs/msg/detail/person__struct.hpp
[7.645s] -- Up-to-date: /home/koara/robosys2024-4/ros2_ws/install/person_msgs/include/person_msgs/msg/detail/person__type_support.hpp
[7.645s] -- Up-to-date: /home/koara/robosys2024-4/ros2_ws/install/person_msgs/include/person_msgs/msg/detail/person__builder.hpp
[7.645s] -- Up-to-date: /home/koara/robosys2024-4/ros2_ws/install/person_msgs/include/person_msgs/msg/detail/person__traits.hpp
[7.645s] -- Up-to-date: /home/koara/robosys2024-4/ros2_ws/install/person_msgs/include/person_msgs/msg/rosidl_generator_cpp__visibility_control.hpp
[7.646s] -- Up-to-date: /home/koara/robosys2024-4/ros2_ws/install/person_msgs/include/person_msgs/msg/person.hpp
[7.646s] -- Up-to-date: /home/koara/robosys2024-4/ros2_ws/install/person_msgs/include/person_msgs
[7.646s] -- Up-to-date: /home/koara/robosys2024-4/ros2_ws/install/person_msgs/include/person_msgs/srv
[7.646s] -- Up-to-date: /home/koara/robosys2024-4/ros2_ws/install/person_msgs/include/person_msgs/srv/detail
[7.646s] -- Up-to-date: /home/koara/robosys2024-4/ros2_ws/install/person_msgs/include/person_msgs/srv/detail/query__rosidl_typesupport_introspection_cpp.hpp
[7.646s] -- Up-to-date: /home/koara/robosys2024-4/ros2_ws/install/person_msgs/include/person_msgs/srv/detail/query__type_support.cpp
[7.646s] -- Up-to-date: /home/koara/robosys2024-4/ros2_ws/install/person_msgs/include/person_msgs/msg
[7.646s] -- Up-to-date: /home/koara/robosys2024-4/ros2_ws/install/person_msgs/include/person_msgs/msg/detail
[7.646s] -- Up-to-date: /home/koara/robosys2024-4/ros2_ws/install/person_msgs/include/person_msgs/msg/detail/person__rosidl_typesupport_introspection_cpp.hpp
[7.647s] -- Up-to-date: /home/koara/robosys2024-4/ros2_ws/install/person_msgs/include/person_msgs/msg/detail/person__type_support.cpp
[7.647s] -- Up-to-date: /home/koara/robosys2024-4/ros2_ws/install/person_msgs/lib/libperson_msgs__rosidl_typesupport_introspection_cpp.so
[7.648s] -- Up-to-date: /home/koara/robosys2024-4/ros2_ws/install/person_msgs/lib/libperson_msgs__rosidl_typesupport_cpp.so
[7.649s] -- Up-to-date: /home/koara/robosys2024-4/ros2_ws/install/person_msgs/share/person_msgs/environment/pythonpath.sh
[7.649s] -- Installing: /home/koara/robosys2024-4/ros2_ws/install/person_msgs/share/person_msgs/environment/pythonpath.dsv
[7.649s] -- Installing: /home/koara/robosys2024-4/ros2_ws/install/person_msgs/lib/python3.8/site-packages/person_msgs/__init__.py
[7.675s] Compiling '/home/koara/robosys2024-4/ros2_ws/install/person_msgs/lib/python3.8/site-packages/person_msgs/__init__.py'...
[7.679s] -- Up-to-date: /home/koara/robosys2024-4/ros2_ws/install/person_msgs/lib/python3.8/site-packages/person_msgs/msg
[7.680s] -- Up-to-date: /home/koara/robosys2024-4/ros2_ws/install/person_msgs/lib/python3.8/site-packages/person_msgs/msg/__init__.py
[7.680s] -- Up-to-date: /home/koara/robosys2024-4/ros2_ws/install/person_msgs/lib/python3.8/site-packages/person_msgs/msg/_person_s.c
[7.680s] -- Up-to-date: /home/koara/robosys2024-4/ros2_ws/install/person_msgs/lib/python3.8/site-packages/person_msgs/msg/_person.py
[7.680s] -- Up-to-date: /home/koara/robosys2024-4/ros2_ws/install/person_msgs/lib/python3.8/site-packages/person_msgs/srv
[7.680s] -- Up-to-date: /home/koara/robosys2024-4/ros2_ws/install/person_msgs/lib/python3.8/site-packages/person_msgs/srv/_query.py
[7.680s] -- Up-to-date: /home/koara/robosys2024-4/ros2_ws/install/person_msgs/lib/python3.8/site-packages/person_msgs/srv/_query_s.c
[7.680s] -- Up-to-date: /home/koara/robosys2024-4/ros2_ws/install/person_msgs/lib/python3.8/site-packages/person_msgs/srv/__init__.py
[7.681s] -- Up-to-date: /home/koara/robosys2024-4/ros2_ws/install/person_msgs/lib/python3.8/site-packages/person_msgs/person_msgs_s__rosidl_typesupport_fastrtps_c.cpython-38-x86_64-linux-gnu.so
[7.682s] -- Up-to-date: /home/koara/robosys2024-4/ros2_ws/install/person_msgs/lib/python3.8/site-packages/person_msgs/person_msgs_s__rosidl_typesupport_introspection_c.cpython-38-x86_64-linux-gnu.so
[7.683s] -- Up-to-date: /home/koara/robosys2024-4/ros2_ws/install/person_msgs/lib/python3.8/site-packages/person_msgs/person_msgs_s__rosidl_typesupport_c.cpython-38-x86_64-linux-gnu.so
[7.683s] -- Up-to-date: /home/koara/robosys2024-4/ros2_ws/install/person_msgs/lib/libperson_msgs__python.so
[7.684s] -- Up-to-date: /home/koara/robosys2024-4/ros2_ws/install/person_msgs/share/person_msgs/msg/Person.idl
[7.684s] -- Up-to-date: /home/koara/robosys2024-4/ros2_ws/install/person_msgs/share/person_msgs/srv/Query.idl
[7.684s] -- Up-to-date: /home/koara/robosys2024-4/ros2_ws/install/person_msgs/share/person_msgs/msg/Person.msg
[7.684s] -- Up-to-date: /home/koara/robosys2024-4/ros2_ws/install/person_msgs/share/person_msgs/srv/Query.srv
[7.684s] -- Up-to-date: /home/koara/robosys2024-4/ros2_ws/install/person_msgs/share/person_msgs/srv/Query_Request.msg
[7.685s] -- Up-to-date: /home/koara/robosys2024-4/ros2_ws/install/person_msgs/share/person_msgs/srv/Query_Response.msg
[7.685s] -- Up-to-date: /home/koara/robosys2024-4/ros2_ws/install/person_msgs/share/ament_index/resource_index/package_run_dependencies/person_msgs
[7.685s] -- Up-to-date: /home/koara/robosys2024-4/ros2_ws/install/person_msgs/share/ament_index/resource_index/parent_prefix_path/person_msgs
[7.685s] -- Up-to-date: /home/koara/robosys2024-4/ros2_ws/install/person_msgs/share/person_msgs/environment/ament_prefix_path.sh
[7.686s] -- Installing: /home/koara/robosys2024-4/ros2_ws/install/person_msgs/share/person_msgs/environment/ament_prefix_path.dsv
[7.686s] -- Up-to-date: /home/koara/robosys2024-4/ros2_ws/install/person_msgs/share/person_msgs/environment/path.sh
[7.686s] -- Installing: /home/koara/robosys2024-4/ros2_ws/install/person_msgs/share/person_msgs/environment/path.dsv
[7.686s] -- Up-to-date: /home/koara/robosys2024-4/ros2_ws/install/person_msgs/share/person_msgs/local_setup.bash
[7.686s] -- Up-to-date: /home/koara/robosys2024-4/ros2_ws/install/person_msgs/share/person_msgs/local_setup.sh
[7.686s] -- Up-to-date: /home/koara/robosys2024-4/ros2_ws/install/person_msgs/share/person_msgs/local_setup.zsh
[7.686s] -- Installing: /home/koara/robosys2024-4/ros2_ws/install/person_msgs/share/person_msgs/local_setup.dsv
[7.686s] -- Installing: /home/koara/robosys2024-4/ros2_ws/install/person_msgs/share/person_msgs/package.dsv
[7.686s] -- Up-to-date: /home/koara/robosys2024-4/ros2_ws/install/person_msgs/share/ament_index/resource_index/packages/person_msgs
[7.687s] -- Up-to-date: /home/koara/robosys2024-4/ros2_ws/install/person_msgs/share/person_msgs/cmake/person_msgs__rosidl_generator_cExport.cmake
[7.687s] -- Installing: /home/koara/robosys2024-4/ros2_ws/install/person_msgs/share/person_msgs/cmake/person_msgs__rosidl_generator_cExport-noconfig.cmake
[7.688s] -- Up-to-date: /home/koara/robosys2024-4/ros2_ws/install/person_msgs/share/person_msgs/cmake/person_msgs__rosidl_typesupport_introspection_cExport.cmake
[7.688s] -- Installing: /home/koara/robosys2024-4/ros2_ws/install/person_msgs/share/person_msgs/cmake/person_msgs__rosidl_typesupport_introspection_cExport-noconfig.cmake
[7.688s] -- Up-to-date: /home/koara/robosys2024-4/ros2_ws/install/person_msgs/share/person_msgs/cmake/person_msgs__rosidl_typesupport_cExport.cmake
[7.689s] -- Installing: /home/koara/robosys2024-4/ros2_ws/install/person_msgs/share/person_msgs/cmake/person_msgs__rosidl_typesupport_cExport-noconfig.cmake
[7.689s] -- Up-to-date: /home/koara/robosys2024-4/ros2_ws/install/person_msgs/share/person_msgs/cmake/person_msgs__rosidl_generator_cppExport.cmake
[7.689s] -- Up-to-date: /home/koara/robosys2024-4/ros2_ws/install/person_msgs/share/person_msgs/cmake/person_msgs__rosidl_typesupport_introspection_cppExport.cmake
[7.690s] -- Installing: /home/koara/robosys2024-4/ros2_ws/install/person_msgs/share/person_msgs/cmake/person_msgs__rosidl_typesupport_introspection_cppExport-noconfig.cmake
[7.690s] -- Up-to-date: /home/koara/robosys2024-4/ros2_ws/install/person_msgs/share/person_msgs/cmake/person_msgs__rosidl_typesupport_cppExport.cmake
[7.690s] -- Installing: /home/koara/robosys2024-4/ros2_ws/install/person_msgs/share/person_msgs/cmake/person_msgs__rosidl_typesupport_cppExport-noconfig.cmake
[7.691s] -- Up-to-date: /home/koara/robosys2024-4/ros2_ws/install/person_msgs/share/person_msgs/cmake/rosidl_cmake-extras.cmake
[7.691s] -- Up-to-date: /home/koara/robosys2024-4/ros2_ws/install/person_msgs/share/person_msgs/cmake/ament_cmake_export_dependencies-extras.cmake
[7.691s] -- Up-to-date: /home/koara/robosys2024-4/ros2_ws/install/person_msgs/share/person_msgs/cmake/ament_cmake_export_libraries-extras.cmake
[7.691s] -- Up-to-date: /home/koara/robosys2024-4/ros2_ws/install/person_msgs/share/person_msgs/cmake/ament_cmake_export_targets-extras.cmake
[7.691s] -- Up-to-date: /home/koara/robosys2024-4/ros2_ws/install/person_msgs/share/person_msgs/cmake/ament_cmake_export_include_directories-extras.cmake
[7.691s] -- Up-to-date: /home/koara/robosys2024-4/ros2_ws/install/person_msgs/share/person_msgs/cmake/rosidl_cmake_export_typesupport_libraries-extras.cmake
[7.691s] -- Up-to-date: /home/koara/robosys2024-4/ros2_ws/install/person_msgs/share/person_msgs/cmake/rosidl_cmake_export_typesupport_targets-extras.cmake
[7.691s] -- Up-to-date: /home/koara/robosys2024-4/ros2_ws/install/person_msgs/share/person_msgs/cmake/person_msgsConfig.cmake
[7.691s] -- Up-to-date: /home/koara/robosys2024-4/ros2_ws/install/person_msgs/share/person_msgs/cmake/person_msgsConfig-version.cmake
[7.692s] -- Up-to-date: /home/koara/robosys2024-4/ros2_ws/install/person_msgs/share/person_msgs/package.xml
[7.694s] Invoked command in '/home/koara/robosys2024-02.1/ros2_ws/build/person_msgs' returned '0': CMAKE_PREFIX_PATH=${CMAKE_PREFIX_PATH}:/home/koara/robosys2024-4/ros2_ws/install/mypkg:/opt/ros/foxy /usr/bin/cmake --install /home/koara/robosys2024-02.1/ros2_ws/build/person_msgs
