[0.275s] Invoking command in '/home/koara/robosys2024-02.1/ros2_ws/build/person_msgs': CMAKE_PREFIX_PATH=${CMAKE_PREFIX_PATH}:/home/koara/robosys2024-4/ros2_ws/install/mypkg:/opt/ros/foxy /usr/bin/cmake --build /home/koara/robosys2024-02.1/ros2_ws/build/person_msgs -- -j12 -l12
[0.417s] CMake Error: The current CMakeCache.txt directory /home/koara/robosys2024-02.1/ros2_ws/build/person_msgs/CMakeCache.txt is different than the directory /home/koara/robosys2024-4/ros2_ws/build/person_msgs where CMakeCache.txt was created. This may result in binaries being created in the wrong place. If you are not sure, reedit the CMakeCache.txt
[0.454s] -- Found ament_cmake: 0.9.12 (/opt/ros/foxy/share/ament_cmake/cmake)
[0.480s] -- Found PythonInterp: /usr/bin/python3 (found suitable version "3.8.10", minimum required is "3") 
[0.480s] -- Using PYTHON_EXECUTABLE: /usr/bin/python3
[0.696s] -- Found ament_lint_auto: 0.9.8 (/opt/ros/foxy/share/ament_lint_auto/cmake)
[0.698s] -- Found rosidl_default_generators: 1.0.1 (/opt/ros/foxy/share/rosidl_default_generators/cmake)
[0.703s] -- Using all available rosidl_typesupport_c: rosidl_typesupport_fastrtps_c;rosidl_typesupport_introspection_c
[0.712s] -- Found rosidl_adapter: 1.3.1 (/opt/ros/foxy/share/rosidl_adapter/cmake)
[3.343s] -- Using all available rosidl_typesupport_cpp: rosidl_typesupport_fastrtps_cpp;rosidl_typesupport_introspection_cpp
[3.403s] -- Found PythonInterp: /usr/bin/python3 (found version "3.8.10") 
[3.536s] -- Found ament_cmake_ros: 0.9.2 (/opt/ros/foxy/share/ament_cmake_ros/cmake)
[5.976s] -- Using all available rosidl_typesupport_c: rosidl_typesupport_fastrtps_c;rosidl_typesupport_introspection_c
[5.986s] -- Using all available rosidl_typesupport_cpp: rosidl_typesupport_fastrtps_cpp;rosidl_typesupport_introspection_cpp
[6.010s] -- Found PythonInterp: /usr/bin/python3 (found suitable version "3.8.10", minimum required is "3.5") 
[6.011s] -- Found python_cmake_module: 0.8.1 (/opt/ros/foxy/share/python_cmake_module/cmake)
[6.037s] -- Using PYTHON_EXECUTABLE: /usr/bin/python3
[6.037s] -- Using PYTHON_INCLUDE_DIRS: /usr/include/python3.8
[6.037s] -- Using PYTHON_LIBRARIES: /usr/lib/x86_64-linux-gnu/libpython3.8.so
[6.081s] -- Added test 'copyright' to check source files copyright and LICENSE
[6.095s] -- Added test 'cppcheck' to perform static code analysis on C / C++ code
[6.096s] -- Configured cppcheck include dirs: 
[6.096s] -- Configured cppcheck exclude dirs and/or files: 
[6.102s] -- Added test 'cpplint' to check C / C++ code against the Google style
[6.103s] -- Configured cpplint exclude dirs and/or files: 
[6.104s] -- Added test 'flake8' to check Python code syntax and style conventions
[6.105s] -- Added test 'lint_cmake' to check CMake code style
[6.107s] -- Added test 'pep257' to check Python code against some of the style conventions in PEP 257
[6.113s] -- Added test 'uncrustify' to check C / C++ code style
[6.113s] -- Configured uncrustify additional arguments: 
[6.114s] -- Added test 'xmllint' to check XML markup files
[6.129s] -- Configuring done
[6.191s] -- Generating done
[6.194s] -- Build files have been written to: /home/koara/robosys2024-4/ros2_ws/build/person_msgs
[6.255s] [  2%] Built target person_msgs__cpp
[6.259s] [ 12%] Built target person_msgs__rosidl_generator_c
[6.288s] [ 33%] Built target person_msgs__rosidl_typesupport_introspection_cpp
[6.288s] [ 33%] Built target person_msgs__rosidl_typesupport_introspection_c
[6.288s] [ 43%] Built target person_msgs__rosidl_typesupport_cpp
[6.289s] [ 53%] Built target person_msgs__rosidl_typesupport_c
[6.291s] [ 64%] Built target person_msgs__rosidl_typesupport_fastrtps_cpp
[6.324s] [ 74%] Built target person_msgs__rosidl_typesupport_fastrtps_c
[6.351s] [ 74%] Built target person_msgs
[6.377s] [ 76%] Built target person_msgs__py
[6.414s] [ 84%] Built target person_msgs__python
[6.446s] [100%] Built target person_msgs__rosidl_typesupport_fastrtps_c__pyext
[6.446s] [100%] Built target person_msgs__rosidl_typesupport_introspection_c__pyext
[6.446s] [100%] Built target person_msgs__rosidl_typesupport_c__pyext
[6.460s] Invoked command in '/home/koara/robosys2024-02.1/ros2_ws/build/person_msgs' returned '0': CMAKE_PREFIX_PATH=${CMAKE_PREFIX_PATH}:/home/koara/robosys2024-4/ros2_ws/install/mypkg:/opt/ros/foxy /usr/bin/cmake --build /home/koara/robosys2024-02.1/ros2_ws/build/person_msgs -- -j12 -l12
[6.546s] Invoking command in '/home/koara/robosys2024-02.1/ros2_ws/build/person_msgs': CMAKE_PREFIX_PATH=${CMAKE_PREFIX_PATH}:/home/koara/robosys2024-4/ros2_ws/install/mypkg:/opt/ros/foxy /usr/bin/cmake --install /home/koara/robosys2024-02.1/ros2_ws/build/person_msgs
[6.556s] -- Install configuration: ""
[6.557s] -- Up-to-date: /home/koara/robosys2024-4/ros2_ws/install/person_msgs/share/ament_index/resource_index/rosidl_interfaces/person_msgs
[6.557s] -- Up-to-date: /home/koara/robosys2024-4/ros2_ws/install/person_msgs/include/person_msgs
[6.557s] -- Up-to-date: /home/koara/robosys2024-4/ros2_ws/install/person_msgs/include/person_msgs/srv
[6.557s] -- Up-to-date: /home/koara/robosys2024-4/ros2_ws/install/person_msgs/include/person_msgs/srv/detail
[6.557s] -- Up-to-date: /home/koara/robosys2024-4/ros2_ws/install/person_msgs/include/person_msgs/srv/detail/query__type_support.h
[6.558s] -- Up-to-date: /home/koara/robosys2024-4/ros2_ws/install/person_msgs/include/person_msgs/srv/detail/query__struct.h
[6.558s] -- Up-to-date: /home/koara/robosys2024-4/ros2_ws/install/person_msgs/include/person_msgs/srv/detail/query__functions.h
[6.558s] -- Up-to-date: /home/koara/robosys2024-4/ros2_ws/install/person_msgs/include/person_msgs/srv/detail/query__functions.c
[6.559s] -- Up-to-date: /home/koara/robosys2024-4/ros2_ws/install/person_msgs/include/person_msgs/srv/query.h
[6.559s] -- Up-to-date: /home/koara/robosys2024-4/ros2_ws/install/person_msgs/include/person_msgs/msg
[6.559s] -- Up-to-date: /home/koara/robosys2024-4/ros2_ws/install/person_msgs/include/person_msgs/msg/rosidl_generator_c__visibility_control.h
[6.559s] -- Up-to-date: /home/koara/robosys2024-4/ros2_ws/install/person_msgs/include/person_msgs/msg/person.h
[6.559s] -- Up-to-date: /home/koara/robosys2024-4/ros2_ws/install/person_msgs/include/person_msgs/msg/detail
[6.559s] -- Up-to-date: /home/koara/robosys2024-4/ros2_ws/install/person_msgs/include/person_msgs/msg/detail/person__functions.c
[6.559s] -- Up-to-date: /home/koara/robosys2024-4/ros2_ws/install/person_msgs/include/person_msgs/msg/detail/person__functions.h
[6.559s] -- Up-to-date: /home/koara/robosys2024-4/ros2_ws/install/person_msgs/include/person_msgs/msg/detail/person__type_support.h
[6.560s] -- Up-to-date: /home/koara/robosys2024-4/ros2_ws/install/person_msgs/include/person_msgs/msg/detail/person__struct.h
[6.560s] -- Up-to-date: /home/koara/robosys2024-4/ros2_ws/install/person_msgs/share/person_msgs/environment/library_path.sh
[6.560s] -- Installing: /home/koara/robosys2024-4/ros2_ws/install/person_msgs/share/person_msgs/environment/library_path.dsv
[6.560s] -- Up-to-date: /home/koara/robosys2024-4/ros2_ws/install/person_msgs/lib/libperson_msgs__rosidl_generator_c.so
[6.561s] -- Up-to-date: /home/koara/robosys2024-4/ros2_ws/install/person_msgs/include/person_msgs
[6.561s] -- Up-to-date: /home/koara/robosys2024-4/ros2_ws/install/person_msgs/include/person_msgs/srv
[6.561s] -- Up-to-date: /home/koara/robosys2024-4/ros2_ws/install/person_msgs/include/person_msgs/srv/detail
[6.561s] -- Up-to-date: /home/koara/robosys2024-4/ros2_ws/install/person_msgs/include/person_msgs/srv/detail/query__rosidl_typesupport_fastrtps_c.h
[6.562s] -- Up-to-date: /home/koara/robosys2024-4/ros2_ws/install/person_msgs/include/person_msgs/msg
[6.562s] -- Up-to-date: /home/koara/robosys2024-4/ros2_ws/install/person_msgs/include/person_msgs/msg/detail
[6.562s] -- Up-to-date: /home/koara/robosys2024-4/ros2_ws/install/person_msgs/include/person_msgs/msg/detail/person__rosidl_typesupport_fastrtps_c.h
[6.562s] -- Up-to-date: /home/koara/robosys2024-4/ros2_ws/install/person_msgs/include/person_msgs/msg/rosidl_typesupport_fastrtps_c__visibility_control.h
[6.563s] -- Up-to-date: /home/koara/robosys2024-4/ros2_ws/install/person_msgs/lib/libperson_msgs__rosidl_typesupport_fastrtps_c.so
[6.563s] -- Up-to-date: /home/koara/robosys2024-4/ros2_ws/install/person_msgs/include/person_msgs
[6.563s] -- Up-to-date: /home/koara/robosys2024-4/ros2_ws/install/person_msgs/include/person_msgs/srv
[6.563s] -- Up-to-date: /home/koara/robosys2024-4/ros2_ws/install/person_msgs/include/person_msgs/srv/detail
[6.564s] -- Up-to-date: /home/koara/robosys2024-4/ros2_ws/install/person_msgs/include/person_msgs/srv/detail/dds_fastrtps
[6.564s] -- Up-to-date: /home/koara/robosys2024-4/ros2_ws/install/person_msgs/include/person_msgs/srv/detail/query__rosidl_typesupport_fastrtps_cpp.hpp
[6.564s] -- Up-to-date: /home/koara/robosys2024-4/ros2_ws/install/person_msgs/include/person_msgs/msg
[6.564s] -- Up-to-date: /home/koara/robosys2024-4/ros2_ws/install/person_msgs/include/person_msgs/msg/rosidl_typesupport_fastrtps_cpp__visibility_control.h
[6.565s] -- Up-to-date: /home/koara/robosys2024-4/ros2_ws/install/person_msgs/include/person_msgs/msg/detail
[6.565s] -- Up-to-date: /home/koara/robosys2024-4/ros2_ws/install/person_msgs/include/person_msgs/msg/detail/dds_fastrtps
[6.565s] -- Up-to-date: /home/koara/robosys2024-4/ros2_ws/install/person_msgs/include/person_msgs/msg/detail/person__rosidl_typesupport_fastrtps_cpp.hpp
[6.566s] -- Up-to-date: /home/koara/robosys2024-4/ros2_ws/install/person_msgs/lib/libperson_msgs__rosidl_typesupport_fastrtps_cpp.so
[6.567s] -- Up-to-date: /home/koara/robosys2024-4/ros2_ws/install/person_msgs/include/person_msgs
[6.567s] -- Up-to-date: /home/koara/robosys2024-4/ros2_ws/install/person_msgs/include/person_msgs/srv
[6.567s] -- Up-to-date: /home/koara/robosys2024-4/ros2_ws/install/person_msgs/include/person_msgs/srv/detail
[6.568s] -- Up-to-date: /home/koara/robosys2024-4/ros2_ws/install/person_msgs/include/person_msgs/srv/detail/query__type_support.c
[6.568s] -- Up-to-date: /home/koara/robosys2024-4/ros2_ws/install/person_msgs/include/person_msgs/srv/detail/query__rosidl_typesupport_introspection_c.h
[6.568s] -- Up-to-date: /home/koara/robosys2024-4/ros2_ws/install/person_msgs/include/person_msgs/msg
[6.568s] -- Up-to-date: /home/koara/robosys2024-4/ros2_ws/install/person_msgs/include/person_msgs/msg/detail
[6.568s] -- Up-to-date: /home/koara/robosys2024-4/ros2_ws/install/person_msgs/include/person_msgs/msg/detail/person__rosidl_typesupport_introspection_c.h
[6.569s] -- Up-to-date: /home/koara/robosys2024-4/ros2_ws/install/person_msgs/include/person_msgs/msg/detail/person__type_support.c
[6.569s] -- Up-to-date: /home/koara/robosys2024-4/ros2_ws/install/person_msgs/include/person_msgs/msg/rosidl_typesupport_introspection_c__visibility_control.h
[6.569s] -- Up-to-date: /home/koara/robosys2024-4/ros2_ws/install/person_msgs/lib/libperson_msgs__rosidl_typesupport_introspection_c.so
[6.570s] -- Up-to-date: /home/koara/robosys2024-4/ros2_ws/install/person_msgs/lib/libperson_msgs__rosidl_typesupport_c.so
[6.571s] -- Up-to-date: /home/koara/robosys2024-4/ros2_ws/install/person_msgs/include/person_msgs
[6.571s] -- Up-to-date: /home/koara/robosys2024-4/ros2_ws/install/person_msgs/include/person_msgs/srv
[6.571s] -- Up-to-date: /home/koara/robosys2024-4/ros2_ws/install/person_msgs/include/person_msgs/srv/detail
[6.572s] -- Up-to-date: /home/koara/robosys2024-4/ros2_ws/install/person_msgs/include/person_msgs/srv/detail/query__traits.hpp
[6.572s] -- Up-to-date: /home/koara/robosys2024-4/ros2_ws/install/person_msgs/include/person_msgs/srv/detail/query__struct.hpp
[6.572s] -- Up-to-date: /home/koara/robosys2024-4/ros2_ws/install/person_msgs/include/person_msgs/srv/detail/query__type_support.hpp
[6.572s] -- Up-to-date: /home/koara/robosys2024-4/ros2_ws/install/person_msgs/include/person_msgs/srv/detail/query__builder.hpp
[6.572s] -- Up-to-date: /home/koara/robosys2024-4/ros2_ws/install/person_msgs/include/person_msgs/srv/query.hpp
[6.572s] -- Up-to-date: /home/koara/robosys2024-4/ros2_ws/install/person_msgs/include/person_msgs/msg
[6.573s] -- Up-to-date: /home/koara/robosys2024-4/ros2_ws/install/person_msgs/include/person_msgs/msg/detail
[6.573s] -- Up-to-date: /home/koara/robosys2024-4/ros2_ws/install/person_msgs/include/person_msgs/msg/detail/person__struct.hpp
[6.573s] -- Up-to-date: /home/koara/robosys2024-4/ros2_ws/install/person_msgs/include/person_msgs/msg/detail/person__type_support.hpp
[6.573s] -- Up-to-date: /home/koara/robosys2024-4/ros2_ws/install/person_msgs/include/person_msgs/msg/detail/person__builder.hpp
[6.574s] -- Up-to-date: /home/koara/robosys2024-4/ros2_ws/install/person_msgs/include/person_msgs/msg/detail/person__traits.hpp
[6.574s] -- Up-to-date: /home/koara/robosys2024-4/ros2_ws/install/person_msgs/include/person_msgs/msg/rosidl_generator_cpp__visibility_control.hpp
[6.574s] -- Up-to-date: /home/koara/robosys2024-4/ros2_ws/install/person_msgs/include/person_msgs/msg/person.hpp
[6.574s] -- Up-to-date: /home/koara/robosys2024-4/ros2_ws/install/person_msgs/include/person_msgs
[6.574s] -- Up-to-date: /home/koara/robosys2024-4/ros2_ws/install/person_msgs/include/person_msgs/srv
[6.574s] -- Up-to-date: /home/koara/robosys2024-4/ros2_ws/install/person_msgs/include/person_msgs/srv/detail
[6.574s] -- Up-to-date: /home/koara/robosys2024-4/ros2_ws/install/person_msgs/include/person_msgs/srv/detail/query__rosidl_typesupport_introspection_cpp.hpp
[6.574s] -- Up-to-date: /home/koara/robosys2024-4/ros2_ws/install/person_msgs/include/person_msgs/srv/detail/query__type_support.cpp
[6.574s] -- Up-to-date: /home/koara/robosys2024-4/ros2_ws/install/person_msgs/include/person_msgs/msg
[6.575s] -- Up-to-date: /home/koara/robosys2024-4/ros2_ws/install/person_msgs/include/person_msgs/msg/detail
[6.575s] -- Up-to-date: /home/koara/robosys2024-4/ros2_ws/install/person_msgs/include/person_msgs/msg/detail/person__rosidl_typesupport_introspection_cpp.hpp
[6.575s] -- Up-to-date: /home/koara/robosys2024-4/ros2_ws/install/person_msgs/include/person_msgs/msg/detail/person__type_support.cpp
[6.578s] -- Up-to-date: /home/koara/robosys2024-4/ros2_ws/install/person_msgs/lib/libperson_msgs__rosidl_typesupport_introspection_cpp.so
[6.579s] -- Up-to-date: /home/koara/robosys2024-4/ros2_ws/install/person_msgs/lib/libperson_msgs__rosidl_typesupport_cpp.so
[6.579s] -- Up-to-date: /home/koara/robosys2024-4/ros2_ws/install/person_msgs/share/person_msgs/environment/pythonpath.sh
[6.579s] -- Installing: /home/koara/robosys2024-4/ros2_ws/install/person_msgs/share/person_msgs/environment/pythonpath.dsv
[6.579s] -- Installing: /home/koara/robosys2024-4/ros2_ws/install/person_msgs/lib/python3.8/site-packages/person_msgs/__init__.py
[6.610s] Compiling '/home/koara/robosys2024-4/ros2_ws/install/person_msgs/lib/python3.8/site-packages/person_msgs/__init__.py'...
[6.615s] -- Up-to-date: /home/koara/robosys2024-4/ros2_ws/install/person_msgs/lib/python3.8/site-packages/person_msgs/msg
[6.615s] -- Up-to-date: /home/koara/robosys2024-4/ros2_ws/install/person_msgs/lib/python3.8/site-packages/person_msgs/msg/__init__.py
[6.616s] -- Up-to-date: /home/koara/robosys2024-4/ros2_ws/install/person_msgs/lib/python3.8/site-packages/person_msgs/msg/_person_s.c
[6.616s] -- Up-to-date: /home/koara/robosys2024-4/ros2_ws/install/person_msgs/lib/python3.8/site-packages/person_msgs/msg/_person.py
[6.616s] -- Up-to-date: /home/koara/robosys2024-4/ros2_ws/install/person_msgs/lib/python3.8/site-packages/person_msgs/srv
[6.616s] -- Up-to-date: /home/koara/robosys2024-4/ros2_ws/install/person_msgs/lib/python3.8/site-packages/person_msgs/srv/_query.py
[6.616s] -- Up-to-date: /home/koara/robosys2024-4/ros2_ws/install/person_msgs/lib/python3.8/site-packages/person_msgs/srv/_query_s.c
[6.616s] -- Up-to-date: /home/koara/robosys2024-4/ros2_ws/install/person_msgs/lib/python3.8/site-packages/person_msgs/srv/__init__.py
[6.617s] -- Up-to-date: /home/koara/robosys2024-4/ros2_ws/install/person_msgs/lib/python3.8/site-packages/person_msgs/person_msgs_s__rosidl_typesupport_fastrtps_c.cpython-38-x86_64-linux-gnu.so
[6.618s] -- Up-to-date: /home/koara/robosys2024-4/ros2_ws/install/person_msgs/lib/python3.8/site-packages/person_msgs/person_msgs_s__rosidl_typesupport_introspection_c.cpython-38-x86_64-linux-gnu.so
[6.619s] -- Up-to-date: /home/koara/robosys2024-4/ros2_ws/install/person_msgs/lib/python3.8/site-packages/person_msgs/person_msgs_s__rosidl_typesupport_c.cpython-38-x86_64-linux-gnu.so
[6.619s] -- Up-to-date: /home/koara/robosys2024-4/ros2_ws/install/person_msgs/lib/libperson_msgs__python.so
[6.620s] -- Up-to-date: /home/koara/robosys2024-4/ros2_ws/install/person_msgs/share/person_msgs/msg/Person.idl
[6.620s] -- Up-to-date: /home/koara/robosys2024-4/ros2_ws/install/person_msgs/share/person_msgs/srv/Query.idl
[6.620s] -- Up-to-date: /home/koara/robosys2024-4/ros2_ws/install/person_msgs/share/person_msgs/msg/Person.msg
[6.621s] -- Up-to-date: /home/koara/robosys2024-4/ros2_ws/install/person_msgs/share/person_msgs/srv/Query.srv
[6.621s] -- Up-to-date: /home/koara/robosys2024-4/ros2_ws/install/person_msgs/share/person_msgs/srv/Query_Request.msg
[6.621s] -- Up-to-date: /home/koara/robosys2024-4/ros2_ws/install/person_msgs/share/person_msgs/srv/Query_Response.msg
[6.621s] -- Up-to-date: /home/koara/robosys2024-4/ros2_ws/install/person_msgs/share/ament_index/resource_index/package_run_dependencies/person_msgs
[6.621s] -- Up-to-date: /home/koara/robosys2024-4/ros2_ws/install/person_msgs/share/ament_index/resource_index/parent_prefix_path/person_msgs
[6.622s] -- Up-to-date: /home/koara/robosys2024-4/ros2_ws/install/person_msgs/share/person_msgs/environment/ament_prefix_path.sh
[6.622s] -- Installing: /home/koara/robosys2024-4/ros2_ws/install/person_msgs/share/person_msgs/environment/ament_prefix_path.dsv
[6.622s] -- Up-to-date: /home/koara/robosys2024-4/ros2_ws/install/person_msgs/share/person_msgs/environment/path.sh
[6.622s] -- Installing: /home/koara/robosys2024-4/ros2_ws/install/person_msgs/share/person_msgs/environment/path.dsv
[6.622s] -- Up-to-date: /home/koara/robosys2024-4/ros2_ws/install/person_msgs/share/person_msgs/local_setup.bash
[6.622s] -- Up-to-date: /home/koara/robosys2024-4/ros2_ws/install/person_msgs/share/person_msgs/local_setup.sh
[6.622s] -- Up-to-date: /home/koara/robosys2024-4/ros2_ws/install/person_msgs/share/person_msgs/local_setup.zsh
[6.622s] -- Installing: /home/koara/robosys2024-4/ros2_ws/install/person_msgs/share/person_msgs/local_setup.dsv
[6.622s] -- Installing: /home/koara/robosys2024-4/ros2_ws/install/person_msgs/share/person_msgs/package.dsv
[6.623s] -- Up-to-date: /home/koara/robosys2024-4/ros2_ws/install/person_msgs/share/ament_index/resource_index/packages/person_msgs
[6.623s] -- Up-to-date: /home/koara/robosys2024-4/ros2_ws/install/person_msgs/share/person_msgs/cmake/person_msgs__rosidl_generator_cExport.cmake
[6.623s] -- Installing: /home/koara/robosys2024-4/ros2_ws/install/person_msgs/share/person_msgs/cmake/person_msgs__rosidl_generator_cExport-noconfig.cmake
[6.623s] -- Up-to-date: /home/koara/robosys2024-4/ros2_ws/install/person_msgs/share/person_msgs/cmake/person_msgs__rosidl_typesupport_introspection_cExport.cmake
[6.623s] -- Installing: /home/koara/robosys2024-4/ros2_ws/install/person_msgs/share/person_msgs/cmake/person_msgs__rosidl_typesupport_introspection_cExport-noconfig.cmake
[6.624s] -- Up-to-date: /home/koara/robosys2024-4/ros2_ws/install/person_msgs/share/person_msgs/cmake/person_msgs__rosidl_typesupport_cExport.cmake
[6.624s] -- Installing: /home/koara/robosys2024-4/ros2_ws/install/person_msgs/share/person_msgs/cmake/person_msgs__rosidl_typesupport_cExport-noconfig.cmake
[6.625s] -- Up-to-date: /home/koara/robosys2024-4/ros2_ws/install/person_msgs/share/person_msgs/cmake/person_msgs__rosidl_generator_cppExport.cmake
[6.625s] -- Up-to-date: /home/koara/robosys2024-4/ros2_ws/install/person_msgs/share/person_msgs/cmake/person_msgs__rosidl_typesupport_introspection_cppExport.cmake
[6.625s] -- Installing: /home/koara/robosys2024-4/ros2_ws/install/person_msgs/share/person_msgs/cmake/person_msgs__rosidl_typesupport_introspection_cppExport-noconfig.cmake
[6.626s] -- Up-to-date: /home/koara/robosys2024-4/ros2_ws/install/person_msgs/share/person_msgs/cmake/person_msgs__rosidl_typesupport_cppExport.cmake
[6.626s] -- Installing: /home/koara/robosys2024-4/ros2_ws/install/person_msgs/share/person_msgs/cmake/person_msgs__rosidl_typesupport_cppExport-noconfig.cmake
[6.626s] -- Up-to-date: /home/koara/robosys2024-4/ros2_ws/install/person_msgs/share/person_msgs/cmake/rosidl_cmake-extras.cmake
[6.627s] -- Up-to-date: /home/koara/robosys2024-4/ros2_ws/install/person_msgs/share/person_msgs/cmake/ament_cmake_export_dependencies-extras.cmake
[6.627s] -- Up-to-date: /home/koara/robosys2024-4/ros2_ws/install/person_msgs/share/person_msgs/cmake/ament_cmake_export_libraries-extras.cmake
[6.627s] -- Up-to-date: /home/koara/robosys2024-4/ros2_ws/install/person_msgs/share/person_msgs/cmake/ament_cmake_export_targets-extras.cmake
[6.627s] -- Up-to-date: /home/koara/robosys2024-4/ros2_ws/install/person_msgs/share/person_msgs/cmake/ament_cmake_export_include_directories-extras.cmake
[6.627s] -- Up-to-date: /home/koara/robosys2024-4/ros2_ws/install/person_msgs/share/person_msgs/cmake/rosidl_cmake_export_typesupport_libraries-extras.cmake
[6.627s] -- Up-to-date: /home/koara/robosys2024-4/ros2_ws/install/person_msgs/share/person_msgs/cmake/rosidl_cmake_export_typesupport_targets-extras.cmake
[6.627s] -- Up-to-date: /home/koara/robosys2024-4/ros2_ws/install/person_msgs/share/person_msgs/cmake/person_msgsConfig.cmake
[6.628s] -- Up-to-date: /home/koara/robosys2024-4/ros2_ws/install/person_msgs/share/person_msgs/cmake/person_msgsConfig-version.cmake
[6.628s] -- Up-to-date: /home/koara/robosys2024-4/ros2_ws/install/person_msgs/share/person_msgs/package.xml
[6.629s] Invoked command in '/home/koara/robosys2024-02.1/ros2_ws/build/person_msgs' returned '0': CMAKE_PREFIX_PATH=${CMAKE_PREFIX_PATH}:/home/koara/robosys2024-4/ros2_ws/install/mypkg:/opt/ros/foxy /usr/bin/cmake --install /home/koara/robosys2024-02.1/ros2_ws/build/person_msgs
