[0.784s] Invoking command in '/home/koara/robosys2024-02.1/ros2_ws/src/mypkg': PYTHONPATH=/home/koara/robosys2024-02.1/ros2_ws/build/mypkg/prefix_override:/usr/lib/python3/dist-packages/colcon_core/task/python/colcon_distutils_commands:/home/koara/robosys2024-02.1/ros2_ws/install/mypkg/lib/python3.8/site-packages:${PYTHONPATH} /usr/bin/python3 -W ignore:setup.py install is deprecated setup.py egg_info --egg-base ../../build/mypkg build --build-base /home/koara/robosys2024-02.1/ros2_ws/build/mypkg/build install --record /home/koara/robosys2024-02.1/ros2_ws/build/mypkg/install.log --install-scripts $base/lib/mypkg --single-version-externally-managed install_data
[0.973s] running egg_info
[0.973s] writing ../../build/mypkg/mypkg.egg-info/PKG-INFO
[0.973s] writing dependency_links to ../../build/mypkg/mypkg.egg-info/dependency_links.txt
[0.974s] writing entry points to ../../build/mypkg/mypkg.egg-info/entry_points.txt
[0.974s] writing requirements to ../../build/mypkg/mypkg.egg-info/requires.txt
[0.974s] writing top-level names to ../../build/mypkg/mypkg.egg-info/top_level.txt
[1.019s] reading manifest file '../../build/mypkg/mypkg.egg-info/SOURCES.txt'
[1.021s] writing manifest file '../../build/mypkg/mypkg.egg-info/SOURCES.txt'
[1.021s] running build
[1.021s] running build_py
[1.021s] running install
[1.022s] running install_lib
[1.024s] byte-compiling /home/koara/robosys2024-02.1/ros2_ws/install/mypkg/lib/python3.8/site-packages/mypkg/raneg.py to raneg.cpython-38.pyc
[1.026s]   File "/home/koara/robosys2024-02.1/ros2_ws/install/mypkg/lib/python3.8/site-packages/mypkg/raneg.py", line 1
[1.026s]     mport rclpy
[1.026s]           ^
[1.026s] SyntaxError: invalid syntax
[1.026s] 
[1.026s] running install_data
[1.026s] running install_egg_info
[1.028s] removing '/home/koara/robosys2024-02.1/ros2_ws/install/mypkg/lib/python3.8/site-packages/mypkg-0.0.0-py3.8.egg-info' (and everything under it)
[1.028s] Copying ../../build/mypkg/mypkg.egg-info to /home/koara/robosys2024-02.1/ros2_ws/install/mypkg/lib/python3.8/site-packages/mypkg-0.0.0-py3.8.egg-info
[1.030s] running install_scripts
[1.050s] Installing range script to /home/koara/robosys2024-02.1/ros2_ws/install/mypkg/lib/mypkg
[1.050s] Installing test script to /home/koara/robosys2024-02.1/ros2_ws/install/mypkg/lib/mypkg
[1.051s] writing list of installed files to '/home/koara/robosys2024-02.1/ros2_ws/build/mypkg/install.log'
[1.081s] Invoked command in '/home/koara/robosys2024-02.1/ros2_ws/src/mypkg' returned '0': PYTHONPATH=/home/koara/robosys2024-02.1/ros2_ws/build/mypkg/prefix_override:/usr/lib/python3/dist-packages/colcon_core/task/python/colcon_distutils_commands:/home/koara/robosys2024-02.1/ros2_ws/install/mypkg/lib/python3.8/site-packages:${PYTHONPATH} /usr/bin/python3 -W ignore:setup.py install is deprecated setup.py egg_info --egg-base ../../build/mypkg build --build-base /home/koara/robosys2024-02.1/ros2_ws/build/mypkg/build install --record /home/koara/robosys2024-02.1/ros2_ws/build/mypkg/install.log --install-scripts $base/lib/mypkg --single-version-externally-managed install_data
