[0.696s] Invoking command in '/home/koara/robosys2024-02.1/ros2_ws/src/mypkg': PYTHONPATH=/home/koara/robosys2024-02.1/ros2_ws/build/mypkg/prefix_override:/usr/lib/python3/dist-packages/colcon_core/task/python/colcon_distutils_commands:/home/koara/robosys2024-02.1/ros2_ws/install/mypkg/lib/python3.8/site-packages:${PYTHONPATH} /usr/bin/python3 -W ignore:setup.py install is deprecated setup.py egg_info --egg-base ../../build/mypkg build --build-base /home/koara/robosys2024-02.1/ros2_ws/build/mypkg/build install --record /home/koara/robosys2024-02.1/ros2_ws/build/mypkg/install.log --install-scripts $base/lib/mypkg --single-version-externally-managed install_data
[0.866s] running egg_info
[0.866s] creating ../../build/mypkg/mypkg.egg-info
[0.867s] writing ../../build/mypkg/mypkg.egg-info/PKG-INFO
[0.867s] writing dependency_links to ../../build/mypkg/mypkg.egg-info/dependency_links.txt
[0.867s] writing entry points to ../../build/mypkg/mypkg.egg-info/entry_points.txt
[0.867s] writing requirements to ../../build/mypkg/mypkg.egg-info/requires.txt
[0.867s] writing top-level names to ../../build/mypkg/mypkg.egg-info/top_level.txt
[0.872s] writing manifest file '../../build/mypkg/mypkg.egg-info/SOURCES.txt'
[0.901s] reading manifest file '../../build/mypkg/mypkg.egg-info/SOURCES.txt'
[0.902s] writing manifest file '../../build/mypkg/mypkg.egg-info/SOURCES.txt'
[0.902s] running build
[0.902s] running build_py
[0.902s] creating /home/koara/robosys2024-02.1/ros2_ws/build/mypkg/build
[0.903s] creating /home/koara/robosys2024-02.1/ros2_ws/build/mypkg/build/lib
[0.903s] creating /home/koara/robosys2024-02.1/ros2_ws/build/mypkg/build/lib/mypkg
[0.903s] copying mypkg/__init__.py -> /home/koara/robosys2024-02.1/ros2_ws/build/mypkg/build/lib/mypkg
[0.905s] copying mypkg/test.py -> /home/koara/robosys2024-02.1/ros2_ws/build/mypkg/build/lib/mypkg
[0.905s] copying mypkg/raneg.py -> /home/koara/robosys2024-02.1/ros2_ws/build/mypkg/build/lib/mypkg
[0.906s] running install
[0.906s] running install_lib
[0.907s] creating /home/koara/robosys2024-02.1/ros2_ws/install/mypkg/lib/python3.8/site-packages/mypkg
[0.908s] copying /home/koara/robosys2024-02.1/ros2_ws/build/mypkg/build/lib/mypkg/__init__.py -> /home/koara/robosys2024-02.1/ros2_ws/install/mypkg/lib/python3.8/site-packages/mypkg
[0.908s] copying /home/koara/robosys2024-02.1/ros2_ws/build/mypkg/build/lib/mypkg/test.py -> /home/koara/robosys2024-02.1/ros2_ws/install/mypkg/lib/python3.8/site-packages/mypkg
[0.908s] copying /home/koara/robosys2024-02.1/ros2_ws/build/mypkg/build/lib/mypkg/raneg.py -> /home/koara/robosys2024-02.1/ros2_ws/install/mypkg/lib/python3.8/site-packages/mypkg
[0.908s] byte-compiling /home/koara/robosys2024-02.1/ros2_ws/install/mypkg/lib/python3.8/site-packages/mypkg/__init__.py to __init__.cpython-38.pyc
[0.910s] byte-compiling /home/koara/robosys2024-02.1/ros2_ws/install/mypkg/lib/python3.8/site-packages/mypkg/test.py to test.cpython-38.pyc
[0.910s] byte-compiling /home/koara/robosys2024-02.1/ros2_ws/install/mypkg/lib/python3.8/site-packages/mypkg/raneg.py to raneg.cpython-38.pyc
[0.911s] running install_data
[0.911s] creating /home/koara/robosys2024-02.1/ros2_ws/install/mypkg/share/ament_index
[0.911s] creating /home/koara/robosys2024-02.1/ros2_ws/install/mypkg/share/ament_index/resource_index
[0.911s] creating /home/koara/robosys2024-02.1/ros2_ws/install/mypkg/share/ament_index/resource_index/packages
[0.912s] copying resource/mypkg -> /home/koara/robosys2024-02.1/ros2_ws/install/mypkg/share/ament_index/resource_index/packages
[0.912s] copying package.xml -> /home/koara/robosys2024-02.1/ros2_ws/install/mypkg/share/mypkg
[0.912s] copying launch/talk_listen.launch.py -> /home/koara/robosys2024-02.1/ros2_ws/install/mypkg/share/mypkg
[0.912s] running install_egg_info
[0.914s] Copying ../../build/mypkg/mypkg.egg-info to /home/koara/robosys2024-02.1/ros2_ws/install/mypkg/lib/python3.8/site-packages/mypkg-0.0.0-py3.8.egg-info
[0.915s] running install_scripts
[0.930s] Installing range script to /home/koara/robosys2024-02.1/ros2_ws/install/mypkg/lib/mypkg
[0.930s] Installing test script to /home/koara/robosys2024-02.1/ros2_ws/install/mypkg/lib/mypkg
[0.931s] writing list of installed files to '/home/koara/robosys2024-02.1/ros2_ws/build/mypkg/install.log'
[0.952s] Invoked command in '/home/koara/robosys2024-02.1/ros2_ws/src/mypkg' returned '0': PYTHONPATH=/home/koara/robosys2024-02.1/ros2_ws/build/mypkg/prefix_override:/usr/lib/python3/dist-packages/colcon_core/task/python/colcon_distutils_commands:/home/koara/robosys2024-02.1/ros2_ws/install/mypkg/lib/python3.8/site-packages:${PYTHONPATH} /usr/bin/python3 -W ignore:setup.py install is deprecated setup.py egg_info --egg-base ../../build/mypkg build --build-base /home/koara/robosys2024-02.1/ros2_ws/build/mypkg/build install --record /home/koara/robosys2024-02.1/ros2_ws/build/mypkg/install.log --install-scripts $base/lib/mypkg --single-version-externally-managed install_data
